This is pdfeTeX, Version 3.141592-1.30.6-2.2 (MiKTeX 2.5) (preloaded format=pdflatex 2006.12.15)  28 JAN 2008 15:55
entering extended mode
**C:/Documents*and*Settings/Elliot*Costi/My*Documents/Mathematics/B.tex
("C:\Documents and Settings\Elliot Costi\My Documents\Mathematics\B.tex"
LaTeX2e <2005/12/01>
Babel <v3.8g> and hyphenation patterns for english, dumylang, nohyphenation, ge
rman, ngerman, french, loaded.
("C:\Program Files\MiKTeX 2.5\tex\latex\base\article.cls"
Document Class: article 2005/09/16 v1.4f Standard LaTeX document class
("C:\Program Files\MiKTeX 2.5\tex\latex\base\size12.clo"
File: size12.clo 2005/09/16 v1.4f Standard LaTeX file (size option)
)
\c@part=\count79
\c@section=\count80
\c@subsection=\count81
\c@subsubsection=\count82
\c@paragraph=\count83
\c@subparagraph=\count84
\c@figure=\count85
\c@table=\count86
\abovecaptionskip=\skip41
\belowcaptionskip=\skip42
\bibindent=\dimen102
)
("C:\Program Files\MiKTeX 2.5\tex\latex\amsfonts\amssymb.sty"
Package: amssymb 2002/01/22 v2.2d

("C:\Program Files\MiKTeX 2.5\tex\latex\amsfonts\amsfonts.sty"
Package: amsfonts 2001/10/25 v2.2f
\@emptytoks=\toks14
\symAMSa=\mathgroup4
\symAMSb=\mathgroup5
LaTeX Font Info:    Overwriting math alphabet `\mathfrak' in version `bold'
(Font)                  U/euf/m/n --> U/euf/b/n on input line 132.
))
("C:\Program Files\MiKTeX 2.5\tex\latex\algorithm2e\algorithm2e.sty"
Package: algorithm2e 2005/10/04 v3.9 algorithms environments
\c@AlgoLine=\count87

("C:\Program Files\MiKTeX 2.5\tex\latex\base\ifthen.sty"
Package: ifthen 2001/05/26 v1.1c Standard LaTeX ifthen package (DPC)
)
("C:\Program Files\MiKTeX 2.5\tex\latex\tools\xspace.sty"
Package: xspace 2006/05/08 v1.12 Space after command names (DPC,MH)
)
********************************************************
Package `algorithm2e' Release 3.9 -- october 04 2005 --
- algorithm2e-announce@lirmm.fr mailing list for announcement about releases
- algorithm2e-discussion@lirmm.fr mailing list for discussion about package
subscribe by emailing sympa@lirmm.fr with 'subscribe <list> <firstname name>'
- Author: Christophe Fiorio (fiorio@lirmm.fr)
********************************************************
\skiptotal=\skip43
\skiprule=\skip44
\skiphlne=\skip45
\skiptext=\skip46
\skiplength=\skip47
\algomargin=\skip48
\skipalgocfslide=\skip49
\algowidth=\dimen103
\inoutsize=\dimen104
\inoutline=\dimen105
\algocf@inoutbox=\box26
\algocf@inputbox=\box27
\AlCapSkip=\skip50
\AlCapHSkip=\skip51
\algocf@capbox=\box28
\c@algocfline=\count88
\c@algocf=\count89
\algocf@algoframe=\box29
\algocf@algobox=\box30
) ("C:\Program Files\MiKTeX 2.5\tex\latex\base\latexsym.sty"
Package: latexsym 1998/08/17 v2.2e Standard LaTeX package (lasy symbols)
\symlasy=\mathgroup6
LaTeX Font Info:    Overwriting symbol font `lasy' in version `bold'
(Font)                  U/lasy/m/n --> U/lasy/b/n on input line 47.
)
\c@definition=\count90
 (B.aux

LaTeX Warning: Label `bps' multiply defined.

)
LaTeX Font Info:    Checking defaults for OML/cmm/m/it on input line 43.
LaTeX Font Info:    ... okay on input line 43.
LaTeX Font Info:    Checking defaults for T1/cmr/m/n on input line 43.
LaTeX Font Info:    ... okay on input line 43.
LaTeX Font Info:    Checking defaults for OT1/cmr/m/n on input line 43.
LaTeX Font Info:    ... okay on input line 43.
LaTeX Font Info:    Checking defaults for OMS/cmsy/m/n on input line 43.
LaTeX Font Info:    ... okay on input line 43.
LaTeX Font Info:    Checking defaults for OMX/cmex/m/n on input line 43.
LaTeX Font Info:    ... okay on input line 43.
LaTeX Font Info:    Checking defaults for U/cmr/m/n on input line 43.
LaTeX Font Info:    ... okay on input line 43.
LaTeX Font Info:    Try loading font information for U+msa on input line 48.
 ("C:\Program Files\MiKTeX 2.5\tex\latex\amsfonts\umsa.fd"
File: umsa.fd 2002/01/19 v2.2g AMS font definitions
)
LaTeX Font Info:    Try loading font information for U+msb on input line 48.

("C:\Program Files\MiKTeX 2.5\tex\latex\amsfonts\umsb.fd"
File: umsb.fd 2002/01/19 v2.2g AMS font definitions
)
LaTeX Font Info:    Try loading font information for U+lasy on input line 48.

("C:\Program Files\MiKTeX 2.5\tex\latex\base\ulasy.fd"
File: ulasy.fd 1998/08/17 v2.2e LaTeX symbol font definitions
) [1

{psfonts.map}]
[2] [3] [4] [5] [6]
Underfull \hbox (badness 10000) detected at line 522
[][]
 []


Underfull \hbox (badness 10000) in paragraph at lines 468--523

 []

[7]
Underfull \hbox (badness 10000) detected at line 646
[][]
 []


Underfull \hbox (badness 10000) in paragraph at lines 588--647

 []

[8] [9]
Runaway argument?
{ $(s, \delta , u, v)$, $X_3$ := {\tt OneOdd}(X,{\it type}); 
! Paragraph ended before \algocf@eIfoptif was complete.
<to be read again> 
                   \par 
l.701 }
       
I suspect you've forgotten a `}', causing me to apply this
control sequence to too much text. How can we recover?
My plan is to forget the whole thing and hope for the best.

Runaway argument?
{ In $\langle X_3 \rangle $ construct additional element $a$ defined \ETC.
! Paragraph ended before \algocf@eIfoptif was complete.
<to be read again> 
                   \par 
l.701 }
       
I suspect you've forgotten a `}', causing me to apply this
control sequence to too much text. How can we recover?
My plan is to forget the whole thing and hope for the best.


Overfull \hbox (552.77254pt too wide) detected at line 701
[][]
 []

! Extra }, or forgotten \endgroup.
\@algocf@finish ...algoinsideskip \egroup \egroup 
                                                  \ifthenelse {\boolean {alg...
l.702 \end{algorithm2e}
                       
I've deleted a group-closing symbol because it seems to be
spurious, as in `$x}$'. But perhaps the } is legitimate and
you forgot something else, as in `\hbox{$x}'. In such cases
the way to recover is to insert both the forgotten and the
deleted material, e.g., by typing `I$}'.

! Extra }, or forgotten \endgroup.
\@algocf@finish ... {\skipalgocfslide }}{}\egroup 
                                                  \end {lrbox}\algocf@maketh...
l.702 \end{algorithm2e}
                       
I've deleted a group-closing symbol because it seems to be
spurious, as in `$x}$'. But perhaps the } is legitimate and
you forgot something else, as in `\hbox{$x}'. In such cases
the way to recover is to insert both the forgotten and the
deleted material, e.g., by typing `I$}'.


Underfull \hbox (badness 10000) in paragraph at lines 660--703

 []

[10]
Underfull \hbox (badness 10000) detected at line 807
[][]
 []


Underfull \hbox (badness 10000) detected at line 864
[][]
 []

Runaway argument?
{ 
! Paragraph ended before \algocf@eIfoptif was complete.
<to be read again> 
                   \par 
l.897 }
       
I suspect you've forgotten a `}', causing me to apply this
control sequence to too much text. How can we recover?
My plan is to forget the whole thing and hope for the best.


Overfull \hbox (18.22224pt too wide) detected at line 898
[][]\OT1/cmr/bx/n/12 end
 []

! Extra }, or forgotten \endgroup.
\@algocf@finish ... {\skipalgocfslide }}{}\egroup 
                                                  \end {lrbox}\algocf@maketh...
l.898 \end{algorithm2e}
                       
I've deleted a group-closing symbol because it seems to be
spurious, as in `$x}$'. But perhaps the } is legitimate and
you forgot something else, as in `\hbox{$x}'. In such cases
the way to recover is to insert both the forgotten and the
deleted material, e.g., by typing `I$}'.

[11] [12] [13]
Underfull \hbox (badness 10000) in paragraph at lines 980--983

 []

[14]
Underfull \hbox (badness 10000) in paragraph at lines 1009--1017

 []


Underfull \hbox (badness 10000) in paragraph at lines 1042--1054

 []

[15]
Underfull \hbox (badness 10000) in paragraph at lines 1087--1099

 []


Underfull \hbox (badness 10000) in paragraph at lines 1110--1114

 []


Underfull \hbox (badness 10000) in paragraph at lines 1118--1122

 []

[16]
Underfull \hbox (badness 10000) in paragraph at lines 1145--1163

 []


Underfull \hbox (badness 10000) in paragraph at lines 1181--1191

 []

[17]
! Undefined control sequence.
l.1261 ...\tilde{h}(x)$.   Note that $h(x)=\tildeh
                                                  (x)$ if and only if
The control sequence at the end of the top line
of your error message was never \def'ed. If you have
misspelled it (e.g., `\hobx'), type `I' and the correct
spelling (e.g., `I\hbox'). Otherwise just continue,
and I'll forget about whatever was undefined.

[18]
Underfull \hbox (badness 10000) in paragraph at lines 1274--1277

 []


Underfull \hbox (badness 10000) in paragraph at lines 1294--1301

 []


Underfull \hbox (badness 10000) in paragraph at lines 1311--1326

 []

[19]
Underfull \hbox (badness 10000) in paragraph at lines 1333--1341

 []

[20] [21] [22]
Runaway argument?
{ Apply the SL3 algorithm to construct generating set; 
! Paragraph ended before \algocf@eIfoptif was complete.
<to be read again> 
                   \par 
l.1587 }
        
I suspect you've forgotten a `}', causing me to apply this
control sequence to too much text. How can we recover?
My plan is to forget the whole thing and hope for the best.


Overfull \hbox (18.22224pt too wide) detected at line 1588
[][]\OT1/cmr/bx/n/12 end
 []

! Extra }, or forgotten \endgroup.
\@algocf@finish ... {\skipalgocfslide }}{}\egroup 
                                                  \end {lrbox}\algocf@maketh...
l.1588 \end{algorithm2e}
                        
I've deleted a group-closing symbol because it seems to be
spurious, as in `$x}$'. But perhaps the } is legitimate and
you forgot something else, as in `\hbox{$x}'. In such cases
the way to recover is to insert both the forgotten and the
deleted material, e.g., by typing `I$}'.


Underfull \hbox (badness 10000) in paragraph at lines 1553--1589

 []

[23] [24] [25]
Underfull \hbox (badness 10000) in paragraph at lines 1817--1832

 []

[26]
Overfull \hbox (2.95802pt too wide) in paragraph at lines 1850--1850
[]\OT1/cmr/bx/n/17.28 Decomposing di-rect prod-ucts and com-put-ing de-
 []

! Undefined control sequence.
<recently read> \GU 
                    
l.1879 ...(d,q)$, and is $q+1$ in the case of $\GU
                                                  (d,q)$.
The control sequence at the end of the top line
of your error message was never \def'ed. If you have
misspelled it (e.g., `\hobx'), type `I' and the correct
spelling (e.g., `I\hbox'). Otherwise just continue,
and I'll forget about whatever was undefined.

[27] [28]
! Missing } inserted.
<inserted text> 
                }
l.1969 ...$.  Let $w(x) = a_0+a_1x+\cdots+x^{d-e)$
                                                  , and compute $y := v.w(g)...
I've inserted something that you may have forgotten.
(See the <inserted text> above.)
With luck, this will get me unwedged. But if you
really didn't forget anything, try typing `2' now; then
my insertion and my current dilemma will both disappear.


Underfull \hbox (badness 10000) in paragraph at lines 1963--1980

 []

[29] [30] [31] [32] [33]
Underfull \hbox (badness 10000) in paragraph at lines 2263--2265

 []

[34] [35]
LaTeX Font Info:    Try loading font information for OMS+cmr on input line 2452
.
 ("C:\Program Files\MiKTeX 2.5\tex\latex\base\omscmr.fd"
File: omscmr.fd 1999/05/25 v2.5h Standard LaTeX font definitions
)
LaTeX Font Info:    Font shape `OMS/cmr/m/n' in size <12> not available
(Font)              Font shape `OMS/cmsy/m/n' tried instead on input line 2452.



LaTeX Warning: `h' float specifier changed to `ht'.

[36] [37] [38] [39] (B.aux)

LaTeX Warning: There were multiply-defined labels.

 ) 
Here is how much of TeX's memory you used:
 1791 strings out of 95419
 20567 string characters out of 1187297
 95294 words of memory out of 1087730
 4916 multiletter control sequences out of 60000
 18415 words of font info for 75 fonts, out of 1000000 for 2000
 14 hyphenation exceptions out of 8191
 24i,16n,28p,349b,333s stack positions out of 5000i,500n,10000p,200000b,32768s
PDF statistics:
 187 PDF objects out of 300000
 0 named destinations out of 300000
 1 words of extra memory for PDF output out of 10000
<C:/Program Files/MiKTeX 2.5/fonts/type1/bluesky/latex-fonts/lasy10.pfb><C:/P
rogram Files/MiKTeX 2.5/fonts/type1/bluesky/cm/cmr6.pfb><C:/Program Files/MiKTe
X 2.5/fonts/type1/bluesky/cm/cmsy6.pfb><C:/Program Files/MiKTeX 2.5/fonts/type1
/bluesky/cm/cmbx8.pfb><C:/Program Files/MiKTeX 2.5/fonts/type1/bluesky/cm/cmtt1
2.pfb><C:/Program Files/MiKTeX 2.5/fonts/type1/bluesky/cm/cmmi6.pfb><C:/Program
 Files/MiKTeX 2.5/fonts/type1/bluesky/cm/cmex10.pfb><C:/Program Files/MiKTeX 2.
5/fonts/type1/bluesky/cm/cmsy8.pfb><C:/Program Files/MiKTeX 2.5/fonts/type1/blu
esky/cm/cmcsc10.pfb><C:/Program Files/MiKTeX 2.5/fonts/type1/bluesky/cm/cmmi8.p
fb><C:/Program Files/MiKTeX 2.5/fonts/type1/bluesky/cm/cmti10.pfb><C:/Program F
iles/MiKTeX 2.5/fonts/type1/bluesky/cm/cmr8.pfb><C:/Program Files/MiKTeX 2.5/fo
nts/type1/bluesky/cm/cmti12.pfb><C:/Program Files/MiKTeX 2.5/fonts/type1/bluesk
y/cm/cmmi12.pfb><C:/Program Files/MiKTeX 2.5/fonts/type1/bluesky/cm/cmbx12.pfb>
<C:/Program Files/MiKTeX 2.5/fonts/type1/bluesky/cm/cmsy10.pfb><C:/Program File
s/MiKTeX 2.5/fonts/type1/bluesky/cm/cmmi10.pfb><C:/Program Files/MiKTeX 2.5/fon
ts/type1/bluesky/cm/cmr10.pfb><C:/Program Files/MiKTeX 2.5/fonts/type1/bluesky/
cm/cmbx10.pfb><C:/Program Files/MiKTeX 2.5/fonts/type1/bluesky/cm/cmr12.pfb><C:
/Program Files/MiKTeX 2.5/fonts/type1/bluesky/cm/cmr17.pfb>
Output written on B.pdf (39 pages, 302694 bytes).
