This is pdfTeX, Version 3.141592-1.40.4 (MiKTeX 2.7) (preloaded format=pdflatex 2008.3.7)  7 MAR 2008 15:03
entering extended mode
**C:/Users/Elliot/Documents/Mathematics/land.tex
(C:/Users/Elliot/Documents/Mathematics/land.tex
LaTeX2e <2005/12/01>
Babel <v3.8h> and hyphenation patterns for english, dumylang, nohyphenation, ge
rman, ngerman, french, loaded.
("C:\Program Files\MiKTeX 2.7\tex\latex\base\article.cls"
Document Class: article 2005/09/16 v1.4f Standard LaTeX document class
("C:\Program Files\MiKTeX 2.7\tex\latex\base\size10.clo"
File: size10.clo 2005/09/16 v1.4f Standard LaTeX file (size option)
)
\c@part=\count79
\c@section=\count80
\c@subsection=\count81
\c@subsubsection=\count82
\c@paragraph=\count83
\c@subparagraph=\count84
\c@figure=\count85
\c@table=\count86
\abovecaptionskip=\skip41
\belowcaptionskip=\skip42
\bibindent=\dimen102
) (land.aux)
LaTeX Font Info:    Checking defaults for OML/cmm/m/it on input line 20.
LaTeX Font Info:    ... okay on input line 20.
LaTeX Font Info:    Checking defaults for T1/cmr/m/n on input line 20.
LaTeX Font Info:    ... okay on input line 20.
LaTeX Font Info:    Checking defaults for OT1/cmr/m/n on input line 20.
LaTeX Font Info:    ... okay on input line 20.
LaTeX Font Info:    Checking defaults for OMS/cmsy/m/n on input line 20.
LaTeX Font Info:    ... okay on input line 20.
LaTeX Font Info:    Checking defaults for OMX/cmex/m/n on input line 20.
LaTeX Font Info:    ... okay on input line 20.
LaTeX Font Info:    Checking defaults for U/cmr/m/n on input line 20.
LaTeX Font Info:    ... okay on input line 20.
LaTeX Font Info:    External font `cmex10' loaded for size
(Font)              <17.28> on input line 21.
LaTeX Font Info:    External font `cmex10' loaded for size
(Font)              <12> on input line 21.
LaTeX Font Info:    External font `cmex10' loaded for size
(Font)              <8> on input line 21.
LaTeX Font Info:    External font `cmex10' loaded for size
(Font)              <6> on input line 21.

Underfull \vbox (badness 10000) has occurred while \output is active []

 [1{C:/ProgramData/MiKTeX/2.7/pdftex/config/pdftex.map}


]
Underfull \vbox (badness 10000) has occurred while \output is active []

 [2]
(land.aux) ) 
Here is how much of TeX's memory you used:
 231 strings out of 95340
 2415 string characters out of 1184194
 49300 words of memory out of 1500000
 3490 multiletter control sequences out of 110000
 7804 words of font info for 28 fonts, out of 1200000 for 2000
 14 hyphenation exceptions out of 8191
 23i,7n,19p,159b,204s stack positions out of 5000i,500n,10000p,200000b,5000s
<C:/Program Files/MiKTeX 2.7/fonts/type1/bluesky/cm/cmr10.pfb><C:/P
rogram Files/MiKTeX 2.7/fonts/type1/bluesky/cm/cmr12.pfb><C:/Program Files/MiKT
eX 2.7/fonts/type1/bluesky/cm/cmr17.pfb><C:/Program Files/MiKTeX 2.7/fonts/type
1/bluesky/cm/cmti10.pfb><C:/Program Files/MiKTeX 2.7/fonts/type1/bluesky/cm/cmt
t10.pfb>
Output written on land.pdf (2 pages, 36792 bytes).
PDF statistics:
 29 PDF objects out of 1000 (max. 8388607)
 0 named destinations out of 1000 (max. 131072)
 1 words of extra memory for PDF output out of 10000 (max. 10000000)

