This is pdfTeX, Version 3.141592-1.40.4 (MiKTeX 2.7) (preloaded format=pdflatex 2008.3.7)  18 JUL 2008 12:51
entering extended mode
**C:/Users/Elliot/Documents/Mathematics/Pure*Maths*Seminar*talk*slides.tex
("C:/Users/Elliot/Documents/Mathematics/Pure Maths Seminar talk slides.tex"
LaTeX2e <2005/12/01>
Babel <v3.8h> and hyphenation patterns for english, dumylang, nohyphenation, ge
rman, ngerman, french, loaded.
("C:\Program Files\MiKTeX 2.7\tex\latex\base\article.cls"
Document Class: article 2005/09/16 v1.4f Standard LaTeX document class
("C:\Program Files\MiKTeX 2.7\tex\latex\base\size12.clo"
File: size12.clo 2005/09/16 v1.4f Standard LaTeX file (size option)
)
\c@part=\count79
\c@section=\count80
\c@subsection=\count81
\c@subsubsection=\count82
\c@paragraph=\count83
\c@subparagraph=\count84
\c@figure=\count85
\c@table=\count86
\abovecaptionskip=\skip41
\belowcaptionskip=\skip42
\bibindent=\dimen102
)
("Pure Maths Seminar talk slides.aux")
LaTeX Font Info:    Checking defaults for OML/cmm/m/it on input line 34.
LaTeX Font Info:    ... okay on input line 34.
LaTeX Font Info:    Checking defaults for T1/cmr/m/n on input line 34.
LaTeX Font Info:    ... okay on input line 34.
LaTeX Font Info:    Checking defaults for OT1/cmr/m/n on input line 34.
LaTeX Font Info:    ... okay on input line 34.
LaTeX Font Info:    Checking defaults for OMS/cmsy/m/n on input line 34.
LaTeX Font Info:    ... okay on input line 34.
LaTeX Font Info:    Checking defaults for OMX/cmex/m/n on input line 34.
LaTeX Font Info:    ... okay on input line 34.
LaTeX Font Info:    Checking defaults for U/cmr/m/n on input line 34.
LaTeX Font Info:    ... okay on input line 34.
LaTeX Font Info:    External font `cmex10' loaded for size
(Font)              <12> on input line 36.
LaTeX Font Info:    External font `cmex10' loaded for size
(Font)              <8> on input line 36.
LaTeX Font Info:    External font `cmex10' loaded for size
(Font)              <6> on input line 36.

Underfull \hbox (badness 10000) in paragraph at lines 36--51

 []


Underfull \hbox (badness 10000) in paragraph at lines 36--51

 []


Underfull \hbox (badness 10000) in paragraph at lines 52--67

 []


Underfull \hbox (badness 10000) in paragraph at lines 52--67

 []

[1

{C:/ProgramData/MiKTeX/2.7/pdftex/config/pdftex.map}]
Underfull \hbox (badness 10000) in paragraph at lines 69--90

 []

[2] [3]

! LaTeX Error: There's no line here to end.

See the LaTeX manual or LaTeX Companion for explanation.
Type  H <return>  for immediate help.
 ...                                              
                                                  
l.137 
      
Your command was ignored.
Type  I <command> <return>  to replace it with another command,
or  <return>  to continue without it.

[4]
Underfull \hbox (badness 10000) in paragraph at lines 148--150

 []

! Missing } inserted.
<inserted text> 
                }
l.163 &
       
I've put in what seems to be necessary to fix
the current column of the current alignment.
Try to go on, since this might almost work.


Underfull \hbox (badness 10000) in paragraph at lines 151--171

 []

[5] [6] [7]
Underfull \hbox (badness 10000) in paragraph at lines 245--247

 []

[8] [9] ("Pure Maths Seminar talk slides.aux") ) 
Here is how much of TeX's memory you used:
 238 strings out of 95340
 2606 string characters out of 1184194
 51001 words of memory out of 1500000
 3499 multiletter control sequences out of 110000
 6376 words of font info for 23 fonts, out of 1200000 for 2000
 14 hyphenation exceptions out of 8191
 22i,17n,19p,185b,123s stack positions out of 5000i,500n,10000p,200000b,5000s
<C:/Program Files/MiKTeX 2.7/fo
nts/type1/bluesky/cm/cmex10.pfb><C:/Program Files/MiKTeX 2.7/fonts/type1/bluesk
y/cm/cmmi12.pfb><C:/Program Files/MiKTeX 2.7/fonts/type1/bluesky/cm/cmmi6.pfb><
C:/Program Files/MiKTeX 2.7/fonts/type1/bluesky/cm/cmmi8.pfb><C:/Program Files/
MiKTeX 2.7/fonts/type1/bluesky/cm/cmr12.pfb><C:/Program Files/MiKTeX 2.7/fonts/
type1/bluesky/cm/cmr6.pfb><C:/Program Files/MiKTeX 2.7/fonts/type1/bluesky/cm/c
mr8.pfb><C:/Program Files/MiKTeX 2.7/fonts/type1/bluesky/cm/cmsy6.pfb><C:/Progr
am Files/MiKTeX 2.7/fonts/type1/bluesky/cm/cmsy8.pfb>
Output written on "Pure Maths Seminar talk slides.pdf" (9 pages, 38521 bytes).
PDF statistics:
 68 PDF objects out of 1000 (max. 8388607)
 0 named destinations out of 1000 (max. 131072)
 1 words of extra memory for PDF output out of 10000 (max. 10000000)

