This is pdfeTeX, Version 3.141592-1.30.6-2.2 (MiKTeX 2.5) (preloaded format=pdflatex 2006.12.15)  13 FEB 2008 13:43
entering extended mode
**C:/Documents*and*Settings/Elliot*Costi/My*Documents/Mathematics/recognise.tex

("C:\Documents and Settings\Elliot Costi\My Documents\Mathematics\recognise.tex
"
LaTeX2e <2005/12/01>
Babel <v3.8g> and hyphenation patterns for english, dumylang, nohyphenation, ge
rman, ngerman, french, loaded.
("C:\Program Files\MiKTeX 2.5\tex\latex\base\article.cls"
Document Class: article 2005/09/16 v1.4f Standard LaTeX document class
("C:\Program Files\MiKTeX 2.5\tex\latex\base\size12.clo"
File: size12.clo 2005/09/16 v1.4f Standard LaTeX file (size option)
)
\c@part=\count79
\c@section=\count80
\c@subsection=\count81
\c@subsubsection=\count82
\c@paragraph=\count83
\c@subparagraph=\count84
\c@figure=\count85
\c@table=\count86
\abovecaptionskip=\skip41
\belowcaptionskip=\skip42
\bibindent=\dimen102
)
("C:\Program Files\MiKTeX 2.5\tex\latex\graphics\lscape.sty"
Package: lscape 2000/10/22 v3.01 Landscape Pages (DPC)

("C:\Program Files\MiKTeX 2.5\tex\latex\graphics\graphics.sty"
Package: graphics 2006/02/20 v1.0o Standard LaTeX Graphics (DPC,SPQR)

("C:\Program Files\MiKTeX 2.5\tex\latex\graphics\trig.sty"
Package: trig 1999/03/16 v1.09 sin cos tan (DPC)
)
("C:\Program Files\MiKTeX 2.5\tex\latex\00miktex\graphics.cfg"
File: graphics.cfg 2005/12/29 v1.2 MiKTeX 'graphics' configuration
)
Package graphics Info: Driver file: pdftex.def on input line 90.

("C:\Program Files\MiKTeX 2.5\tex\latex\graphics\pdftex.def"
File: pdftex.def 2006/08/14 v0.03t Graphics/color for pdfTeX
\Gread@gobject=\count87
)))
("C:\Program Files\MiKTeX 2.5\tex\latex\amsfonts\amssymb.sty"
Package: amssymb 2002/01/22 v2.2d

("C:\Program Files\MiKTeX 2.5\tex\latex\amsfonts\amsfonts.sty"
Package: amsfonts 2001/10/25 v2.2f
\@emptytoks=\toks14
\symAMSa=\mathgroup4
\symAMSb=\mathgroup5
LaTeX Font Info:    Overwriting math alphabet `\mathfrak' in version `bold'
(Font)                  U/euf/m/n --> U/euf/b/n on input line 132.
))
("C:\Program Files\MiKTeX 2.5\tex\latex\float\float.sty"
Package: float 2001/11/08 v1.3d Float enhancements (AL)
\c@float@type=\count88
\float@exts=\toks15
\float@box=\box26
\@float@everytoks=\toks16
\@floatcapt=\box27
)
("C:\Program Files\MiKTeX 2.5\tex\latex\algorithm2e\algorithm2e.sty"
Package: algorithm2e 2005/10/04 v3.9 algorithms environments
\c@AlgoLine=\count89

("C:\Program Files\MiKTeX 2.5\tex\latex\base\ifthen.sty"
Package: ifthen 2001/05/26 v1.1c Standard LaTeX ifthen package (DPC)
)
("C:\Program Files\MiKTeX 2.5\tex\latex\tools\xspace.sty"
Package: xspace 2006/05/08 v1.12 Space after command names (DPC,MH)
)
********************************************************
Package `algorithm2e' Release 3.9 -- october 04 2005 --
- algorithm2e-announce@lirmm.fr mailing list for announcement about releases
- algorithm2e-discussion@lirmm.fr mailing list for discussion about package
subscribe by emailing sympa@lirmm.fr with 'subscribe <list> <firstname name>'
- Author: Christophe Fiorio (fiorio@lirmm.fr)
********************************************************
\skiptotal=\skip43
\skiprule=\skip44
\skiphlne=\skip45
\skiptext=\skip46
\skiplength=\skip47
\algomargin=\skip48
\skipalgocfslide=\skip49
\algowidth=\dimen103
\inoutsize=\dimen104
\inoutline=\dimen105
\algocf@inoutbox=\box28
\algocf@inputbox=\box29
\AlCapSkip=\skip50
\AlCapHSkip=\skip51
\algocf@capbox=\box30
\c@algocfline=\count90
\c@algocf=\count91
\algocf@algoframe=\box31
\algocf@algobox=\box32
) ("C:\Program Files\MiKTeX 2.5\tex\latex\base\latexsym.sty"
Package: latexsym 1998/08/17 v2.2e Standard LaTeX package (lasy symbols)
\symlasy=\mathgroup6
LaTeX Font Info:    Overwriting symbol font `lasy' in version `bold'
(Font)                  U/lasy/m/n --> U/lasy/b/n on input line 47.
)
\c@definition=\count92
 (recognise.aux)
LaTeX Font Info:    Checking defaults for OML/cmm/m/it on input line 59.
LaTeX Font Info:    ... okay on input line 59.
LaTeX Font Info:    Checking defaults for T1/cmr/m/n on input line 59.
LaTeX Font Info:    ... okay on input line 59.
LaTeX Font Info:    Checking defaults for OT1/cmr/m/n on input line 59.
LaTeX Font Info:    ... okay on input line 59.
LaTeX Font Info:    Checking defaults for OMS/cmsy/m/n on input line 59.
LaTeX Font Info:    ... okay on input line 59.
LaTeX Font Info:    Checking defaults for OMX/cmex/m/n on input line 59.
LaTeX Font Info:    ... okay on input line 59.
LaTeX Font Info:    Checking defaults for U/cmr/m/n on input line 59.
LaTeX Font Info:    ... okay on input line 59.

("C:\Program Files\MiKTeX 2.5\tex\context\base\supp-pdf.tex"
("C:\Program Files\MiKTeX 2.5\tex\context\base\supp-mis.tex"
loading : Context Support Macros / Miscellaneous (2004.10.26)
\protectiondepth=\count93
\scratchcounter=\count94
\scratchtoks=\toks17
\scratchdimen=\dimen106
\scratchskip=\skip52
\scratchmuskip=\muskip10
\scratchbox=\box33
\scratchread=\read1
\scratchwrite=\write3
\zeropoint=\dimen107
\onepoint=\dimen108
\onebasepoint=\dimen109
\minusone=\count95
\thousandpoint=\dimen110
\onerealpoint=\dimen111
\emptytoks=\toks18
\nextbox=\box34
\nextdepth=\dimen112
\everyline=\toks19
\!!counta=\count96
\!!countb=\count97
\recursecounter=\count98
)
loading : Context Support Macros / PDF (2004.03.26)
\nofMPsegments=\count99
\nofMParguments=\count100
\MPscratchCnt=\count101
\MPscratchDim=\dimen113
\MPnumerator=\count102
\everyMPtoPDFconversion=\toks20
)
LaTeX Font Info:    Try loading font information for U+msa on input line 64.
 ("C:\Program Files\MiKTeX 2.5\tex\latex\amsfonts\umsa.fd"
File: umsa.fd 2002/01/19 v2.2g AMS font definitions
)
LaTeX Font Info:    Try loading font information for U+msb on input line 64.

("C:\Program Files\MiKTeX 2.5\tex\latex\amsfonts\umsb.fd"
File: umsb.fd 2002/01/19 v2.2g AMS font definitions
)
LaTeX Font Info:    Try loading font information for U+lasy on input line 64.

("C:\Program Files\MiKTeX 2.5\tex\latex\base\ulasy.fd"
File: ulasy.fd 1998/08/17 v2.2e LaTeX symbol font definitions
) [1

{psfonts.map}]
LaTeX Font Info:    Try loading font information for OMS+cmr on input line 174.


("C:\Program Files\MiKTeX 2.5\tex\latex\base\omscmr.fd"
File: omscmr.fd 1999/05/25 v2.5h Standard LaTeX font definitions
)
LaTeX Font Info:    Font shape `OMS/cmr/m/n' in size <12> not available
(Font)              Font shape `OMS/cmsy/m/n' tried instead on input line 174.

Overfull \hbox (0.48756pt too wide) in paragraph at lines 182--185
[]$\OT1/cmr/m/n/12 U(\OML/cmm/m/it/12 d; q\OT1/cmr/m/n/12 )$, the group of all 
el-e-ments of $[](\OML/cmm/m/it/12 d; q[]\OT1/cmr/m/n/12 )$ that pre-serve a gi
ven non-degenerate
 []


Overfull \hbox (3.17926pt too wide) in paragraph at lines 186--190
[]$\OT1/cmr/m/n/12 O[](\OML/cmm/m/it/12 d; q\OT1/cmr/m/n/12 )$, the group of al
l el-e-ments of $[](\OML/cmm/m/it/12 d; q\OT1/cmr/m/n/12 )$ that pre-serve a gi
ven non-degenerate
 []


Overfull \hbox (0.81812pt too wide) in paragraph at lines 194--196
[]$\OT1/cmr/m/n/12 O[](\OML/cmm/m/it/12 d; q\OT1/cmr/m/n/12 )$, the group of al
l el-e-ments of $[](\OML/cmm/m/it/12 d; q\OT1/cmr/m/n/12 )$ that pre-serve a gi
ven non-degenerate
 []

[2] [3] [4]
Overfull \hbox (2.80481pt too wide) in paragraph at lines 413--418
[]\OT1/cmr/m/it/12 Let $\OML/cmm/m/it/12 V$ \OT1/cmr/m/it/12 be a fi-nite di-me
n-sional vec-tor space that sup-ports a non-degenerate
 []

[5] [6] [7]
Underfull \hbox (badness 10000) in paragraph at lines 566--569

 []


Underfull \hbox (badness 10000) in paragraph at lines 633--643

 []

[8]
Underfull \hbox (badness 10000) in paragraph at lines 692--699

 []

[9]
Overfull \hbox (3.48672pt too wide) in paragraph at lines 767--777
\OT1/cmr/m/n/12 hy-per-bolic ba-sis for $\OML/cmm/m/it/12 V$ \OT1/cmr/m/n/12 is
 an or-dered ba-sis of the form $(\OML/cmm/m/it/12 e[]; f[]; [] ; e[]; f[]; w[]
; w[]\OT1/cmr/m/n/12 )$,
 []

[10] [11]
Underfull \hbox (badness 10000) in paragraph at lines 918--928

 []

[12] [13] [14]
Overfull \hbox (5.25856pt too wide) in paragraph at lines 1200--1204
[]\OT1/cmr/m/n/12 Since the Weyl group of $
[](2\OML/cmm/m/it/12 n; q\OT1/cmr/m/n/12 )$ is gen-er-ated mod-ulo di-ag-o-nal 
el-e-ments by $\OMS/cmsy/m/n/12 f\OML/cmm/m/it/12 s; s[]; v\OMS/cmsy/m/n/12 g$\
OT1/cmr/m/n/12 ,
 []


Underfull \hbox (badness 10000) in paragraph at lines 1200--1204

 []

[15




]
Underfull \hbox (badness 10000) in paragraph at lines 1241--1247

 []


Underfull \hbox (badness 10000) in paragraph at lines 1264--1271

 []

[16]
Underfull \hbox (badness 10000) in paragraph at lines 1287--1299

 []


Underfull \hbox (badness 10000) detected at line 1406
[][]
 []


Underfull \hbox (badness 10000) in paragraph at lines 1351--1407

 []

[17] [18]
Underfull \hbox (badness 10000) detected at line 1531
[][]
 []


Underfull \hbox (badness 10000) in paragraph at lines 1475--1532

 []

[19]
Runaway argument?
{ $\bigl ((s, t, \delta , u, v, x, y), B\bigr )$ := {\tt OneOdd} $(X,\ETC.
! Paragraph ended before \algocf@eIfoptif was complete.
<to be read again> 
                   \par 
l.1569 }
        
I suspect you've forgotten a `}', causing me to apply this
control sequence to too much text. How can we recover?
My plan is to forget the whole thing and hope for the best.


Overfull \hbox (18.22224pt too wide) detected at line 1570
[][]\OT1/cmr/bx/n/12 end
 []

! Extra }, or forgotten \endgroup.
\@algocf@finish ... {\skipalgocfslide }}{}\egroup 
                                                  \end {lrbox}\algocf@maketh...
l.1570 \end{algorithm2e}
                        
I've deleted a group-closing symbol because it seems to be
spurious, as in `$x}$'. But perhaps the } is legitimate and
you forgot something else, as in `\hbox{$x}'. In such cases
the way to recover is to insert both the forgotten and the
deleted material, e.g., by typing `I$}'.


Underfull \hbox (badness 10000) in paragraph at lines 1538--1571

 []

[20]
Underfull \hbox (badness 10000) detected at line 1687
[][]
 []


Underfull \hbox (badness 10000) in paragraph at lines 1629--1688

 []

[21]
Underfull \hbox (badness 10000) detected at line 1750
[][]
 []


Underfull \hbox (badness 10000) in paragraph at lines 1689--1751

 []

[22]
Runaway argument?
{ 
! Paragraph ended before \algocf@eIfoptif was complete.
<to be read again> 
                   \par 
l.1776 }
        
I suspect you've forgotten a `}', causing me to apply this
control sequence to too much text. How can we recover?
My plan is to forget the whole thing and hope for the best.


Overfull \hbox (18.22224pt too wide) detected at line 1777
[][]\OT1/cmr/bx/n/12 end
 []

! Extra }, or forgotten \endgroup.
\@algocf@finish ... {\skipalgocfslide }}{}\egroup 
                                                  \end {lrbox}\algocf@maketh...
l.1777 \end{algorithm2e}
                        
I've deleted a group-closing symbol because it seems to be
spurious, as in `$x}$'. But perhaps the } is legitimate and
you forgot something else, as in `\hbox{$x}'. In such cases
the way to recover is to insert both the forgotten and the
deleted material, e.g., by typing `I$}'.


Underfull \hbox (badness 10000) in paragraph at lines 1752--1778

 []

[23]
Underfull \hbox (badness 10000) detected at line 1888
[][]
 []


Overfull \hbox (2.4115pt too wide) in paragraph at lines 1893--1898
\OT1/cmr/m/n/12 The def-i-ni-tion of a \OT1/cmr/m/it/12 suit-able \OT1/cmr/m/n/
12 in-vo-lu-tion is as in Sec-tion 6.1.1[]. The cen-traliser in $[][](2\OML/cmm
/m/it/12 n; q\OT1/cmr/m/n/12 )$
 []

[24] [25]
Overfull \hbox (8.36037pt too wide) in paragraph at lines 1979--1987
[]\OT1/cmr/m/n/12 The re-main-ing steps of the al-go-rithm are iden-ti-cal to t
hose de-scribed in \OT1/cmtt/m/n/12 OneOmegaPlus
 []

[26]
Underfull \hbox (badness 10000) detected at line 2063
[][]
 []


Underfull \hbox (badness 10000) in paragraph at lines 2006--2064

 []


Overfull \hbox (2.4115pt too wide) in paragraph at lines 2066--2073
\OT1/cmr/m/n/12 The def-i-ni-tion of a \OT1/cmr/m/it/12 suit-able \OT1/cmr/m/n/
12 in-vo-lu-tion is as in Sec-tion 6.2.1[]. The cen-traliser in $[][](2\OML/cmm
/m/it/12 n; q\OT1/cmr/m/n/12 )$
 []

[27] [28]
Overfull \hbox (8.36037pt too wide) in paragraph at lines 2162--2165
[]\OT1/cmr/m/n/12 The re-main-ing steps of the al-go-rithm are iden-ti-cal to t
hose de-scribed in \OT1/cmtt/m/n/12 OneOmegaPlus
 []


Underfull \hbox (badness 10000) detected at line 2243
[][]
 []

[29] [30] [31]
Underfull \hbox (badness 10000) in paragraph at lines 2519--2522

 []


Underfull \hbox (badness 10000) in paragraph at lines 2544--2553

 []

[32] [33]
Underfull \hbox (badness 10000) in paragraph at lines 2577--2586

 []


Underfull \hbox (badness 10000) in paragraph at lines 2592--2600

 []

[34]
Underfull \hbox (badness 10000) in paragraph at lines 2610--2616

 []


Underfull \hbox (badness 10000) in paragraph at lines 2624--2631

 []


Underfull \hbox (badness 10000) in paragraph at lines 2636--2639

 []


Underfull \hbox (badness 10000) in paragraph at lines 2647--2656

 []


Underfull \hbox (badness 10000) in paragraph at lines 2663--2667

 []


Underfull \hbox (badness 10000) in paragraph at lines 2670--2674

 []

[35]
Underfull \hbox (badness 10000) in paragraph at lines 2732--2734

 []

[36]
Underfull \hbox (badness 10000) in paragraph at lines 2745--2770

 []


Underfull \hbox (badness 10000) in paragraph at lines 2793--2816

 []

[37]
Underfull \hbox (badness 10000) in paragraph at lines 2875--2880

 []

[38]
Underfull \hbox (badness 10000) in paragraph at lines 2930--2960

 []

[39]
Underfull \hbox (badness 10000) in paragraph at lines 2986--2993

 []


Underfull \hbox (badness 10000) in paragraph at lines 3009--3033

 []

[40] [41]
Underfull \hbox (badness 10000) in paragraph at lines 3104--3108

 []

[42] [43] [44]
Underfull \hbox (badness 10000) in paragraph at lines 3336--3337

 []


Underfull \hbox (badness 10000) in paragraph at lines 3355--3366

 []


Underfull \hbox (badness 10000) in paragraph at lines 3382--3387

 []

[45]
Underfull \hbox (badness 10000) in paragraph at lines 3412--3425

 []


Underfull \hbox (badness 10000) in paragraph at lines 3432--3436

 []

[46]
Underfull \hbox (badness 10000) in paragraph at lines 3506--3511

 []

[47]
Underfull \hbox (badness 10000) in paragraph at lines 3563--3586

 []

[48]
Underfull \hbox (badness 10000) in paragraph at lines 3611--3619

 []

[49]
Underfull \hbox (badness 10000) in paragraph at lines 3693--3714

 []

[50]
Underfull \hbox (badness 10000) in paragraph at lines 3778--3788

 []


Overfull \hbox (3.33308pt too wide) in paragraph at lines 3800--3809
[]\OT1/cmr/m/it/12 There is a Las Ve-gas al-go-rithm, with com-plex-ity $\OML/c
mm/m/it/12 O\OT1/cmr/m/n/12 ([](\OML/cmm/m/it/12  \OT1/cmr/m/n/12 + \OML/cmm/m
/it/12 d[] [] d \OT1/cmr/m/n/12 +
 []

[51] [52]
Underfull \hbox (badness 10000) in paragraph at lines 3955--3957

 []

! Double subscript.
l.3977 \item Let $m_i_
                      i(q-1)$.
I treat `x_1_2' essentially like `x_1{}_2'.

[53]
Underfull \hbox (badness 10000) in paragraph at lines 4012--4020

 []


Underfull \hbox (badness 10000) in paragraph at lines 4038--4041

 []

[54]
Underfull \hbox (badness 10000) in paragraph at lines 4079--4085

 []

[55]
Underfull \hbox (badness 10000) in paragraph at lines 4149--4164

 []

[56] [57] [58] [59] [60] [61]
Underfull \hbox (badness 10000) in paragraph at lines 4632--4651

 []

[62]
Overfull \hbox (14.27158pt too wide) in paragraph at lines 4701--4703
[]\OT1/cmr/m/n/12 Construct stan-dard gen-er-a-tors for $\OML/cmm/m/it/12 M \OT
1/cmr/m/n/12 = 
[](4\OML/cmm/m/it/12 ; q\OT1/cmr/m/n/12 )$, and so ob-tain $\OML/cmm/m/it/12 v 
\OT1/cmr/m/n/12 = (\OML/cmm/m/it/12 e[]; e[]\OT1/cmr/m/n/12 )[](\OML/cmm/m/it/1
2 f[]; f[]\OT1/cmr/m/n/12 )[]$
 []

[63]
Underfull \hbox (badness 10000) in paragraph at lines 4715--4719

 []

[64]
Underfull \hbox (badness 10000) in paragraph at lines 4778--4780

 []


Underfull \hbox (badness 10000) in paragraph at lines 4801--4806

 []

[65] [66]
Underfull \hbox (badness 10000) in paragraph at lines 4955--4961

 []

[67] [68] [69] [70]
Missing character: There is no Â in font cmr12!
Missing character: There is no © in font cmr12!
 [71] (recognise.aux) ) 
Here is how much of TeX's memory you used:
 2555 strings out of 95419
 29496 string characters out of 1187297
 110076 words of memory out of 1100464
 5634 multiletter control sequences out of 60000
 20038 words of font info for 80 fonts, out of 1000000 for 2000
 14 hyphenation exceptions out of 8191
 25i,23n,28p,341b,360s stack positions out of 5000i,500n,10000p,200000b,32768s
PDF statistics:
 303 PDF objects out of 300000
 0 named destinations out of 300000
 1 words of extra memory for PDF output out of 10000
<C:/Program Files/MiKTeX 2.5/fonts/type1/bluesky/cm/cmti
8.pfb><C:/Program Files/MiKTeX 2.5/fonts/type1/bluesky/cm/cmbx8.pfb><C:/Program
 Files/MiKTeX 2.5/fonts/type1/bluesky/cm/cmtt12.pfb><C:/Program Files/MiKTeX 2.
5/fonts/type1/bluesky/cm/cmmi5.pfb><C:/Program Files/MiKTeX 2.5/fonts/type1/blu
esky/cm/cmr5.pfb><C:/Program Files/MiKTeX 2.5/fonts/type1/bluesky/cm/cmsy5.pfb>
<C:/Program Files/MiKTeX 2.5/fonts/type1/bluesky/cm/cmsy6.pfb><C:/Program Files
/MiKTeX 2.5/fonts/type1/bluesky/cm/cmex10.pfb><C:/Program Files/MiKTeX 2.5/font
s/type1/bluesky/cm/cmmi6.pfb><C:/Program Files/MiKTeX 2.5/fonts/type1/bluesky/l
atex-fonts/lasy10.pfb><C:/Program Files/MiKTeX 2.5/fonts/type1/bluesky/cm/cmex1
0.pfb><C:/Program Files/MiKTeX 2.5/fonts/type1/bluesky/cm/cmr6.pfb><C:/Program 
Files/MiKTeX 2.5/fonts/type1/bluesky/cm/cmcsc10.pfb><C:/Program Files/MiKTeX 2.
5/fonts/type1/bluesky/cm/cmmi8.pfb><C:/Program Files/MiKTeX 2.5/fonts/type1/blu
esky/cm/cmsy8.pfb><C:/Program Files/MiKTeX 2.5/fonts/type1/bluesky/cm/cmr8.pfb>
<C:/Program Files/MiKTeX 2.5/fonts/type1/bluesky/cm/cmti10.pfb><C:/Program File
s/MiKTeX 2.5/fonts/type1/bluesky/cm/cmti12.pfb><C:/Program Files/MiKTeX 2.5/fon
ts/type1/bluesky/cm/cmmi12.pfb><C:/Program Files/MiKTeX 2.5/fonts/type1/bluesky
/cm/cmbx12.pfb><C:/Program Files/MiKTeX 2.5/fonts/type1/bluesky/cm/cmsy10.pfb><
C:/Program Files/MiKTeX 2.5/fonts/type1/bluesky/cm/cmmi10.pfb><C:/Program Files
/MiKTeX 2.5/fonts/type1/bluesky/cm/cmr10.pfb><C:/Program Files/MiKTeX 2.5/fonts
/type1/bluesky/cm/cmbx10.pfb><C:/Program Files/MiKTeX 2.5/fonts/type1/bluesky/c
m/cmr12.pfb><C:/Program Files/MiKTeX 2.5/fonts/type1/bluesky/cm/cmr17.pfb>
Output written on recognise.pdf (71 pages, 466404 bytes).
