This is pdfeTeX, Version 3.141592-1.30.6-2.2 (MiKTeX 2.5) (preloaded format=pdflatex 2006.12.15)  18 DEC 2007 20:33
entering extended mode
**C:/Documents*and*Settings/Elliot*Costi/My*Documents/Mathematics/Recognise[1][
1].latex.tex

("C:\Documents and Settings\Elliot Costi\My Documents\Mathematics\Recognise[1][
1].latex.tex"
LaTeX2e <2005/12/01>
Babel <v3.8g> and hyphenation patterns for english, dumylang, nohyphenation, ge
rman, ngerman, french, loaded.
("C:\Program Files\MiKTeX 2.5\tex\latex\base\article.cls"
Document Class: article 2005/09/16 v1.4f Standard LaTeX document class
("C:\Program Files\MiKTeX 2.5\tex\latex\base\size12.clo"
File: size12.clo 2005/09/16 v1.4f Standard LaTeX file (size option)
)
\c@part=\count79
\c@section=\count80
\c@subsection=\count81
\c@subsubsection=\count82
\c@paragraph=\count83
\c@subparagraph=\count84
\c@figure=\count85
\c@table=\count86
\abovecaptionskip=\skip41
\belowcaptionskip=\skip42
\bibindent=\dimen102
)
("C:\Program Files\MiKTeX 2.5\tex\latex\amsfonts\amssymb.sty"
Package: amssymb 2002/01/22 v2.2d

("C:\Program Files\MiKTeX 2.5\tex\latex\amsfonts\amsfonts.sty"
Package: amsfonts 2001/10/25 v2.2f
\@emptytoks=\toks14
\symAMSa=\mathgroup4
\symAMSb=\mathgroup5
LaTeX Font Info:    Overwriting math alphabet `\mathfrak' in version `bold'
(Font)                  U/euf/m/n --> U/euf/b/n on input line 132.
))
("C:\Program Files\MiKTeX 2.5\tex\latex\algorithm2e\algorithm2e.sty"
Package: algorithm2e 2005/10/04 v3.9 algorithms environments
\c@AlgoLine=\count87

("C:\Program Files\MiKTeX 2.5\tex\latex\base\ifthen.sty"
Package: ifthen 2001/05/26 v1.1c Standard LaTeX ifthen package (DPC)
)
("C:\Program Files\MiKTeX 2.5\tex\latex\tools\xspace.sty"
Package: xspace 2006/05/08 v1.12 Space after command names (DPC,MH)
)
********************************************************
Package `algorithm2e' Release 3.9 -- october 04 2005 --
- algorithm2e-announce@lirmm.fr mailing list for announcement about releases
- algorithm2e-discussion@lirmm.fr mailing list for discussion about package
subscribe by emailing sympa@lirmm.fr with 'subscribe <list> <firstname name>'
- Author: Christophe Fiorio (fiorio@lirmm.fr)
********************************************************
\skiptotal=\skip43
\skiprule=\skip44
\skiphlne=\skip45
\skiptext=\skip46
\skiplength=\skip47
\algomargin=\skip48
\skipalgocfslide=\skip49
\algowidth=\dimen103
\inoutsize=\dimen104
\inoutline=\dimen105
\algocf@inoutbox=\box26
\algocf@inputbox=\box27
\AlCapSkip=\skip50
\AlCapHSkip=\skip51
\algocf@capbox=\box28
\c@algocfline=\count88
\c@algocf=\count89
\algocf@algoframe=\box29
\algocf@algobox=\box30
) ("C:\Program Files\MiKTeX 2.5\tex\latex\base\latexsym.sty"
Package: latexsym 1998/08/17 v2.2e Standard LaTeX package (lasy symbols)
\symlasy=\mathgroup6
LaTeX Font Info:    Overwriting symbol font `lasy' in version `bold'
(Font)                  U/lasy/m/n --> U/lasy/b/n on input line 47.
)
\c@definition=\count90

(Recognise[1][1].latex.aux)
LaTeX Font Info:    Checking defaults for OML/cmm/m/it on input line 40.
LaTeX Font Info:    ... okay on input line 40.
LaTeX Font Info:    Checking defaults for T1/cmr/m/n on input line 40.
LaTeX Font Info:    ... okay on input line 40.
LaTeX Font Info:    Checking defaults for OT1/cmr/m/n on input line 40.
LaTeX Font Info:    ... okay on input line 40.
LaTeX Font Info:    Checking defaults for OMS/cmsy/m/n on input line 40.
LaTeX Font Info:    ... okay on input line 40.
LaTeX Font Info:    Checking defaults for OMX/cmex/m/n on input line 40.
LaTeX Font Info:    ... okay on input line 40.
LaTeX Font Info:    Checking defaults for U/cmr/m/n on input line 40.
LaTeX Font Info:    ... okay on input line 40.
LaTeX Font Info:    Try loading font information for U+msa on input line 45.

("C:\Program Files\MiKTeX 2.5\tex\latex\amsfonts\umsa.fd"
File: umsa.fd 2002/01/19 v2.2g AMS font definitions
)
LaTeX Font Info:    Try loading font information for U+msb on input line 45.

("C:\Program Files\MiKTeX 2.5\tex\latex\amsfonts\umsb.fd"
File: umsb.fd 2002/01/19 v2.2g AMS font definitions
)
LaTeX Font Info:    Try loading font information for U+lasy on input line 45.

("C:\Program Files\MiKTeX 2.5\tex\latex\base\ulasy.fd"
File: ulasy.fd 1998/08/17 v2.2e LaTeX symbol font definitions
) [1

{psfonts.map}]
[2] [3] [4] [5] [6]
Underfull \hbox (badness 10000) detected at line 509
[][]
 []


Underfull \hbox (badness 10000) in paragraph at lines 455--510

 []

[7]
Underfull \hbox (badness 10000) detected at line 633
[][]
 []


Underfull \hbox (badness 10000) in paragraph at lines 575--634

 []

[8] [9]
Runaway argument?
{ $(s, \delta , u, v)$, $X_3$ := {\tt OneOdd}(X,{\it type}); 
! Paragraph ended before \algocf@eIfoptif was complete.
<to be read again> 
                   \par 
l.688 }
       
I suspect you've forgotten a `}', causing me to apply this
control sequence to too much text. How can we recover?
My plan is to forget the whole thing and hope for the best.

Runaway argument?
{ In $\langle X_3 \rangle $ construct additional element $a$ defined \ETC.
! Paragraph ended before \algocf@eIfoptif was complete.
<to be read again> 
                   \par 
l.688 }
       
I suspect you've forgotten a `}', causing me to apply this
control sequence to too much text. How can we recover?
My plan is to forget the whole thing and hope for the best.


Overfull \hbox (552.77254pt too wide) detected at line 688
[][]
 []

! Extra }, or forgotten \endgroup.
\@algocf@finish ...algoinsideskip \egroup \egroup 
                                                  \ifthenelse {\boolean {alg...
l.689 \end{algorithm2e}
                       
I've deleted a group-closing symbol because it seems to be
spurious, as in `$x}$'. But perhaps the } is legitimate and
you forgot something else, as in `\hbox{$x}'. In such cases
the way to recover is to insert both the forgotten and the
deleted material, e.g., by typing `I$}'.

! Extra }, or forgotten \endgroup.
\@algocf@finish ... {\skipalgocfslide }}{}\egroup 
                                                  \end {lrbox}\algocf@maketh...
l.689 \end{algorithm2e}
                       
I've deleted a group-closing symbol because it seems to be
spurious, as in `$x}$'. But perhaps the } is legitimate and
you forgot something else, as in `\hbox{$x}'. In such cases
the way to recover is to insert both the forgotten and the
deleted material, e.g., by typing `I$}'.


Underfull \hbox (badness 10000) in paragraph at lines 647--690

 []

[10]
Underfull \hbox (badness 10000) detected at line 794
[][]
 []


Underfull \hbox (badness 10000) detected at line 851
[][]
 []

Runaway argument?
{ 
! Paragraph ended before \algocf@eIfoptif was complete.
<to be read again> 
                   \par 
l.884 }
       
I suspect you've forgotten a `}', causing me to apply this
control sequence to too much text. How can we recover?
My plan is to forget the whole thing and hope for the best.


Overfull \hbox (18.22224pt too wide) detected at line 885
[][]\OT1/cmr/bx/n/12 end
 []

! Extra }, or forgotten \endgroup.
\@algocf@finish ... {\skipalgocfslide }}{}\egroup 
                                                  \end {lrbox}\algocf@maketh...
l.885 \end{algorithm2e}
                       
I've deleted a group-closing symbol because it seems to be
spurious, as in `$x}$'. But perhaps the } is legitimate and
you forgot something else, as in `\hbox{$x}'. In such cases
the way to recover is to insert both the forgotten and the
deleted material, e.g., by typing `I$}'.


Underfull \hbox (badness 10000) in paragraph at lines 918--921

 []

[11] [12] [13]
Underfull \hbox (badness 10000) in paragraph at lines 950--953

 []

[14]
Underfull \hbox (badness 10000) in paragraph at lines 976--984

 []


LaTeX Warning: Reference `Lemma 5.3' on page 15 undefined on input line 994.


LaTeX Warning: Reference `Lemma 5.3' on page 15 undefined on input line 1001.


Underfull \hbox (badness 10000) in paragraph at lines 994--1006

 []

[15]
Underfull \hbox (badness 10000) in paragraph at lines 1044--1045

 []


Underfull \hbox (badness 10000) in paragraph at lines 1056--1060

 []


Underfull \hbox (badness 10000) in paragraph at lines 1064--1068

 []


Underfull \hbox (badness 10000) in paragraph at lines 1092--1108

 []

[16]
Underfull \hbox (badness 10000) in paragraph at lines 1128--1138

 []

[17]
Underfull \hbox (badness 10000) in paragraph at lines 1204--1215

 []

[18]
Underfull \hbox (badness 10000) in paragraph at lines 1300--1303

 []

[19]
Underfull \hbox (badness 10000) in paragraph at lines 1314--1317

 []


Underfull \hbox (badness 10000) in paragraph at lines 1326--1330

 []


Underfull \hbox (badness 10000) in paragraph at lines 1337--1340

 []

[20]
Underfull \hbox (badness 10000) in paragraph at lines 1424--1426

 []

[21]
Runaway argument?
{ Apply the SL3 algorithm to construct generating set; 
! Paragraph ended before \algocf@eIfoptif was complete.
<to be read again> 
                   \par 
l.1518 }
        
I suspect you've forgotten a `}', causing me to apply this
control sequence to too much text. How can we recover?
My plan is to forget the whole thing and hope for the best.


Overfull \hbox (18.22224pt too wide) detected at line 1519
[][]\OT1/cmr/bx/n/12 end
 []

! Extra }, or forgotten \endgroup.
\@algocf@finish ... {\skipalgocfslide }}{}\egroup 
                                                  \end {lrbox}\algocf@maketh...
l.1519 \end{algorithm2e}
                        
I've deleted a group-closing symbol because it seems to be
spurious, as in `$x}$'. But perhaps the } is legitimate and
you forgot something else, as in `\hbox{$x}'. In such cases
the way to recover is to insert both the forgotten and the
deleted material, e.g., by typing `I$}'.


Underfull \hbox (badness 10000) in paragraph at lines 1484--1520

 []

[22] [23] [24] [25]
Underfull \hbox (badness 10000) in paragraph at lines 1741--1756

 []

[26]

LaTeX Warning: Reference `NP92' on page 27 undefined on input line 1804.


Underfull \hbox (badness 10000) in paragraph at lines 1841--1842

 []

[27]
Underfull \hbox (badness 10000) in paragraph at lines 1852--1875

 []


LaTeX Warning: Citation `NP1' on page 28 undefined on input line 1880.


LaTeX Warning: Citation `NP2' on page 28 undefined on input line 1880.


Underfull \hbox (badness 10000) in paragraph at lines 1908--1914

 []

[28]
Underfull \hbox (badness 10000) in paragraph at lines 1952--1965

 []

[29]
Underfull \hbox (badness 10000) in paragraph at lines 1992--1994

 []

[30] [31]
LaTeX Font Info:    Try loading font information for OMS+cmr on input line 2126
.
 ("C:\Program Files\MiKTeX 2.5\tex\latex\base\omscmr.fd"
File: omscmr.fd 1999/05/25 v2.5h Standard LaTeX font definitions
)
LaTeX Font Info:    Font shape `OMS/cmr/m/n' in size <12> not available
(Font)              Font shape `OMS/cmsy/m/n' tried instead on input line 2126.

 [32]
[33] [34] [35] (Recognise[1][1].latex.aux)

LaTeX Warning: There were undefined references.

 ) 
Here is how much of TeX's memory you used:
 1791 strings out of 95419
 20865 string characters out of 1187297
 95806 words of memory out of 1087730
 4917 multiletter control sequences out of 60000
 18103 words of font info for 74 fonts, out of 1000000 for 2000
 14 hyphenation exceptions out of 8191
 24i,16n,28p,529b,333s stack positions out of 5000i,500n,10000p,200000b,32768s
PDF statistics:
 174 PDF objects out of 300000
 0 named destinations out of 300000
 1 words of extra memory for PDF output out of 10000
<C:/Program Files/MiKTeX 2.5/fonts/type1/bluesky/latex-fonts/lasy10.pfb><C:/P
rogram Files/MiKTeX 2.5/fonts/type1/bluesky/cm/cmr6.pfb><C:/Program Files/MiKTe
X 2.5/fonts/type1/bluesky/cm/cmsy6.pfb><C:/Program Files/MiKTeX 2.5/fonts/type1
/bluesky/cm/cmbx8.pfb><C:/Program Files/MiKTeX 2.5/fonts/type1/bluesky/cm/cmtt1
2.pfb><C:/Program Files/MiKTeX 2.5/fonts/type1/bluesky/cm/cmmi6.pfb><C:/Program
 Files/MiKTeX 2.5/fonts/type1/bluesky/cm/cmex10.pfb><C:/Program Files/MiKTeX 2.
5/fonts/type1/bluesky/cm/cmsy8.pfb><C:/Program Files/MiKTeX 2.5/fonts/type1/blu
esky/cm/cmcsc10.pfb><C:/Program Files/MiKTeX 2.5/fonts/type1/bluesky/cm/cmmi8.p
fb><C:/Program Files/MiKTeX 2.5/fonts/type1/bluesky/cm/cmti10.pfb><C:/Program F
iles/MiKTeX 2.5/fonts/type1/bluesky/cm/cmr8.pfb><C:/Program Files/MiKTeX 2.5/fo
nts/type1/bluesky/cm/cmti12.pfb><C:/Program Files/MiKTeX 2.5/fonts/type1/bluesk
y/cm/cmmi12.pfb><C:/Program Files/MiKTeX 2.5/fonts/type1/bluesky/cm/cmbx12.pfb>
<C:/Program Files/MiKTeX 2.5/fonts/type1/bluesky/cm/cmsy10.pfb><C:/Program File
s/MiKTeX 2.5/fonts/type1/bluesky/cm/cmmi10.pfb><C:/Program Files/MiKTeX 2.5/fon
ts/type1/bluesky/cm/cmr10.pfb><C:/Program Files/MiKTeX 2.5/fonts/type1/bluesky/
cm/cmbx10.pfb><C:/Program Files/MiKTeX 2.5/fonts/type1/bluesky/cm/cmr12.pfb><C:
/Program Files/MiKTeX 2.5/fonts/type1/bluesky/cm/cmr17.pfb>
Output written on Recognise[1][1].latex.pdf (35 pages, 278424 bytes).
