This is pdfeTeX, Version 3.141592-1.30.6-2.2 (MiKTeX 2.5) (preloaded format=pdflatex 2006.12.15)  16 JAN 2008 22:31
entering extended mode
**C:/Documents*and*Settings/Elliot*Costi/My*Documents/Mathematics/Report*-*16-1
-2008.tex

("C:\Documents and Settings\Elliot Costi\My Documents\Mathematics\Report - 16-1
-2008.tex"
LaTeX2e <2005/12/01>
Babel <v3.8g> and hyphenation patterns for english, dumylang, nohyphenation, ge
rman, ngerman, french, loaded.
("C:\Program Files\MiKTeX 2.5\tex\latex\base\article.cls"
Document Class: article 2005/09/16 v1.4f Standard LaTeX document class
("C:\Program Files\MiKTeX 2.5\tex\latex\base\size12.clo"
File: size12.clo 2005/09/16 v1.4f Standard LaTeX file (size option)
)
\c@part=\count79
\c@section=\count80
\c@subsection=\count81
\c@subsubsection=\count82
\c@paragraph=\count83
\c@subparagraph=\count84
\c@figure=\count85
\c@table=\count86
\abovecaptionskip=\skip41
\belowcaptionskip=\skip42
\bibindent=\dimen102
)
("C:\Program Files\MiKTeX 2.5\tex\latex\amsfonts\amssymb.sty"
Package: amssymb 2002/01/22 v2.2d

("C:\Program Files\MiKTeX 2.5\tex\latex\amsfonts\amsfonts.sty"
Package: amsfonts 2001/10/25 v2.2f
\@emptytoks=\toks14
\symAMSa=\mathgroup4
\symAMSb=\mathgroup5
LaTeX Font Info:    Overwriting math alphabet `\mathfrak' in version `bold'
(Font)                  U/euf/m/n --> U/euf/b/n on input line 132.
))
("C:\Program Files\MiKTeX 2.5\tex\latex\base\latexsym.sty"
Package: latexsym 1998/08/17 v2.2e Standard LaTeX package (lasy symbols)
\symlasy=\mathgroup6
LaTeX Font Info:    Overwriting symbol font `lasy' in version `bold'
(Font)                  U/lasy/m/n --> U/lasy/b/n on input line 47.
)
\c@definition=\count87

No file Report*-*16-1-2008.aux.
LaTeX Font Info:    Checking defaults for OML/cmm/m/it on input line 40.
LaTeX Font Info:    ... okay on input line 40.
LaTeX Font Info:    Checking defaults for T1/cmr/m/n on input line 40.
LaTeX Font Info:    ... okay on input line 40.
LaTeX Font Info:    Checking defaults for OT1/cmr/m/n on input line 40.
LaTeX Font Info:    ... okay on input line 40.
LaTeX Font Info:    Checking defaults for OMS/cmsy/m/n on input line 40.
LaTeX Font Info:    ... okay on input line 40.
LaTeX Font Info:    Checking defaults for OMX/cmex/m/n on input line 40.
LaTeX Font Info:    ... okay on input line 40.
LaTeX Font Info:    Checking defaults for U/cmr/m/n on input line 40.
LaTeX Font Info:    ... okay on input line 40.
LaTeX Font Info:    Try loading font information for U+msa on input line 45.
("C:\Program Files\MiKTeX 2.5\tex\latex\amsfonts\umsa.fd"
File: umsa.fd 2002/01/19 v2.2g AMS font definitions
)
LaTeX Font Info:    Try loading font information for U+msb on input line 45.

("C:\Program Files\MiKTeX 2.5\tex\latex\amsfonts\umsb.fd"
File: umsb.fd 2002/01/19 v2.2g AMS font definitions
)
LaTeX Font Info:    Try loading font information for U+lasy on input line 45.

("C:\Program Files\MiKTeX 2.5\tex\latex\base\ulasy.fd"
File: ulasy.fd 1998/08/17 v2.2e LaTeX symbol font definitions
) [1

{psfonts.map}]
[2] ("Report - 16-1-2008.aux") ) 
Here is how much of TeX's memory you used:
 627 strings out of 95419
 6692 string characters out of 1187297
 49836 words of memory out of 1050976
 3791 multiletter control sequences out of 60000
 12910 words of font info for 54 fonts, out of 1000000 for 2000
 14 hyphenation exceptions out of 8191
 23i,6n,24p,288b,192s stack positions out of 5000i,500n,10000p,200000b,32768s
PDF statistics:
 28 PDF objects out of 300000
 0 named destinations out of 300000
 1 words of extra memory for PDF output out of 10000
<C:/Program Files/MiKTeX 2.5/fonts/type1/bluesk
y/cm/cmtt12.pfb><C:/Program Files/MiKTeX 2.5/fonts/type1/bluesky/cm/cmsy10.pfb>
<C:/Program Files/MiKTeX 2.5/fonts/type1/bluesky/cm/cmmi12.pfb><C:/Program File
s/MiKTeX 2.5/fonts/type1/bluesky/cm/cmsy8.pfb><C:/Program Files/MiKTeX 2.5/font
s/type1/bluesky/cm/cmbx12.pfb><C:/Program Files/MiKTeX 2.5/fonts/type1/bluesky/
cm/cmr12.pfb><C:/Program Files/MiKTeX 2.5/fonts/type1/bluesky/cm/cmr17.pfb>
Output written on "Report - 16-1-2008.pdf" (2 pages, 37850 bytes).
