This is pdfeTeX, Version 3.141592-1.21a-2.2 (MiKTeX 2.4) (preloaded format=latex 2006.1.29)  6 APR 2006 01:18
entering extended mode
**C:/Documents*and*Settings/Elliot/My*Documents/Mathematics/Southhampton*Talk.tex
(C:/Documents and Settings/Elliot/My Documents/Mathematics/Southhampton Talk.tex
LaTeX2e <2003/12/01>
Babel <v3.8g> and hyphenation patterns for english, dumylang, nohyphenation, german, ngerman, french, loaded.
(C:\texmf\tex\latex\base\article.cls
Document Class: article 2004/02/16 v1.4f Standard LaTeX document class
(C:\texmf\tex\latex\base\size12.clo
File: size12.clo 2004/02/16 v1.4f Standard LaTeX file (size option)
)
\c@part=\count79
\c@section=\count80
\c@subsection=\count81
\c@subsubsection=\count82
\c@paragraph=\count83
\c@subparagraph=\count84
\c@figure=\count85
\c@table=\count86
\abovecaptionskip=\skip41
\belowcaptionskip=\skip42
\bibindent=\dimen102
) (C:\texmf\tex\latex\amsfonts\amssymb.sty
Package: amssymb 2002/01/22 v2.2d
 (C:\texmf\tex\latex\amsfonts\amsfonts.sty
Package: amsfonts 2001/10/25 v2.2f
\@emptytoks=\toks14
\symAMSa=\mathgroup4
\symAMSb=\mathgroup5
LaTeX Font Info:    Overwriting math alphabet `\mathfrak' in version `bold'
(Font)                  U/euf/m/n --> U/euf/b/n on input line 132.
)) (C:\texmf\tex\latex\algorithm2e\algorithm2e.sty
Package: algorithm2e 2005/10/04 v3.9 algorithms environments
\c@AlgoLine=\count87
 (C:\texmf\tex\latex\base\ifthen.sty
Package: ifthen 2001/05/26 v1.1c Standard LaTeX ifthen package (DPC)
)
(C:\texmf\tex\latex\tools\xspace.sty
Package: xspace 1997/10/13 v1.06 Space after command names (DPC)
)
********************************************************
Package `algorithm2e' Release 3.9 -- october 04 2005 --
- algorithm2e-announce@lirmm.fr mailing list for announcement about releases
- algorithm2e-discussion@lirmm.fr mailing list for discussion about package
subscribe by emailing sympa@lirmm.fr with 'subscribe <list> <firstname name>'
- Author: Christophe Fiorio (fiorio@lirmm.fr)
********************************************************
\skiptotal=\skip43
\skiprule=\skip44
\skiphlne=\skip45
\skiptext=\skip46
\skiplength=\skip47
\algomargin=\skip48
\skipalgocfslide=\skip49
\algowidth=\dimen103
\inoutsize=\dimen104
\inoutline=\dimen105
\algocf@inoutbox=\box26
\algocf@inputbox=\box27
\AlCapSkip=\skip50
\AlCapHSkip=\skip51
\algocf@capbox=\box28
\c@algocfline=\count88
\c@algocf=\count89
\algocf@algoframe=\box29
\algocf@algobox=\box30
) (C:\texmf\tex\latex\base\latexsym.sty
Package: latexsym 1998/08/17 v2.2e Standard LaTeX package (lasy symbols)
\symlasy=\mathgroup6
LaTeX Font Info:    Overwriting symbol font `lasy' in version `bold'
(Font)                  U/lasy/m/n --> U/lasy/b/n on input line 47.
)
\c@definition=\count90
 (Southhampton Talk.aux)
LaTeX Font Info:    Checking defaults for OML/cmm/m/it on input line 41.
LaTeX Font Info:    ... okay on input line 41.
LaTeX Font Info:    Checking defaults for T1/cmr/m/n on input line 41.
LaTeX Font Info:    ... okay on input line 41.
LaTeX Font Info:    Checking defaults for OT1/cmr/m/n on input line 41.
LaTeX Font Info:    ... okay on input line 41.
LaTeX Font Info:    Checking defaults for OMS/cmsy/m/n on input line 41.
LaTeX Font Info:    ... okay on input line 41.
LaTeX Font Info:    Checking defaults for OMX/cmex/m/n on input line 41.
LaTeX Font Info:    ... okay on input line 41.
LaTeX Font Info:    Checking defaults for U/cmr/m/n on input line 41.
LaTeX Font Info:    ... okay on input line 41.
LaTeX Font Info:    Try loading font information for U+msa on input line 46.
 (C:\texmf\tex\latex\amsfonts\umsa.fd
File: umsa.fd 2002/01/19 v2.2g AMS font definitions
)
LaTeX Font Info:    Try loading font information for U+msb on input line 46.

(C:\texmf\tex\latex\amsfonts\umsb.fd
File: umsb.fd 2002/01/19 v2.2g AMS font definitions
)
LaTeX Font Info:    Try loading font information for U+lasy on input line 46.
 (C:\texmf\tex\latex\base\ulasy.fd
File: ulasy.fd 1998/08/17 v2.2e LaTeX symbol font definitions
)
Underfull \hbox (badness 10000) in paragraph at lines 69--71

 []


Underfull \hbox (badness 10000) in paragraph at lines 72--74

 []

! Missing $ inserted.
<inserted text> 
                $
l.75 $t = $\left
                (\matrix
I've inserted a begin-math/end-math symbol since I think
you left one out. Proceed, with fingers crossed.

! Missing $ inserted.
<inserted text> 
                $
l.82 
     
I've inserted a begin-math/end-math symbol since I think
you left one out. Proceed, with fingers crossed.


Underfull \hbox (badness 10000) in paragraph at lines 83--85

 []

! Missing $ inserted.
<inserted text> 
                $
l.86 $u = $\left
                (\matrix
I've inserted a begin-math/end-math symbol since I think
you left one out. Proceed, with fingers crossed.

! Missing $ inserted.
<inserted text> 
                $
l.93 
     
I've inserted a begin-math/end-math symbol since I think
you left one out. Proceed, with fingers crossed.

[1

{psfonts.map}]
Underfull \hbox (badness 10000) in paragraph at lines 94--96

 []

! Missing $ inserted.
<inserted text> 
                $
l.97 $v = $\left
                (\matrix
I've inserted a begin-math/end-math symbol since I think
you left one out. Proceed, with fingers crossed.

! Missing $ inserted.
<inserted text> 
                $
l.104 
      
I've inserted a begin-math/end-math symbol since I think
you left one out. Proceed, with fingers crossed.


Underfull \hbox (badness 10000) in paragraph at lines 105--107

 []

! Missing $ inserted.
<inserted text> 
                $
l.108 $\delta = $\left
                      (\matrix
I've inserted a begin-math/end-math symbol since I think
you left one out. Proceed, with fingers crossed.

! Missing $ inserted.
<inserted text> 
                $
l.114 0 & 0 & 0 & \cdots & 0 & 1}
                                 \right)$$
I've inserted a begin-math/end-math symbol since I think
you left one out. Proceed, with fingers crossed.

! Missing $ inserted.
<inserted text> 
                $
l.114 0 & 0 & 0 & \cdots & 0 & 1}
                                 \right)$$
I've inserted a begin-math/end-math symbol since I think
you left one out. Proceed, with fingers crossed.

! Missing $ inserted.
<inserted text> 
                $
l.114 0 & 0 & 0 & \cdots & 0 & 1}
                                 \right)$$
I've inserted a begin-math/end-math symbol since I think
you left one out. Proceed, with fingers crossed.

! Missing $ inserted.
<inserted text> 
                $
l.114 0 & 0 & 0 & \cdots & 0 & 1}
                                 \right)$$
I've inserted a begin-math/end-math symbol since I think
you left one out. Proceed, with fingers crossed.

! Missing $ inserted.
<inserted text> 
                $
l.115 
      
I've inserted a begin-math/end-math symbol since I think
you left one out. Proceed, with fingers crossed.


Underfull \hbox (badness 10000) in paragraph at lines 116--118

 []


Underfull \hbox (badness 10000) in paragraph at lines 119--121

 []

! Missing $ inserted.
<inserted text> 
                $
l.126 ...pecific example. I have taken $n =$ \left
                                                  (\matrix {d \cr 2 \cr}\rig...
I've inserted a begin-math/end-math symbol since I think
you left one out. Proceed, with fingers crossed.

! Missing $ inserted.
<inserted text> 
                $
l.127 
      
I've inserted a begin-math/end-math symbol since I think
you left one out. Proceed, with fingers crossed.

[2]
LaTeX Font Info:    Try loading font information for OMS+cmr on input line 130.
 (C:\texmf\tex\latex\base\omscmr.fd
File: omscmr.fd 1999/05/25 v2.5h Standard LaTeX font definitions
)
LaTeX Font Info:    Font shape `OMS/cmr/m/n' in size <12> not available
(Font)              Font shape `OMS/cmsy/m/n' tried instead on input line 130.

! Missing $ inserted.
<inserted text> 
                $
l.132 ... subgroup $H \leq \SL(d, q)$. $H = $\left
                                                  (\matrix
I've inserted a begin-math/end-math symbol since I think
you left one out. Proceed, with fingers crossed.

! Missing $ inserted.
<inserted text> 
                $
l.138 
      
I've inserted a begin-math/end-math symbol since I think
you left one out. Proceed, with fingers crossed.


Overfull \hbox (2.79187pt too wide) in paragraph at lines 132--138
[]\OT1/cmr/m/n/12 Now con-sider the sub-group $\OML/cmm/m/it/12 H \OMS/cmsy/m/n/12  []\OT1/cmr/m/n/12 (\OML/cmm/m/it/12
 d; q\OT1/cmr/m/n/12 )$. $\OML/cmm/m/it/12 H \OT1/cmr/m/n/12 =$$[]$$$ 
 []

[3] (Southhampton Talk.aux) ) 
Here is how much of TeX's memory you used:
 1664 strings out of 95515
 19127 string characters out of 1189489
 90433 words of memory out of 1087560
 4749 multiletter control sequences out of 60000
 13787 words of font info for 58 fonts, out of 1000000 for 2000
 14 hyphenation exceptions out of 8191
 23i,11n,24p,820b,186s stack positions out of 5000i,500n,10000p,200000b,32768s
PDF statistics:
 49 PDF objects out of 300000
 0 named destinations out of 300000
 1 words of extra memory for PDF output out of 65536
<C:\texmf\fonts\type1\bluesky\symbols\msbm10.pfb><C:\texmf\fonts\type1\bluesky\cm\cmsy6.pfb
><C:\texmf\fonts\type1\bluesky\cm\cmmi6.pfb><C:\texmf\fonts\type1\bluesky\cm\cmr6.pfb><C:\texmf\fonts\type1\bluesky\cm\c
msy8.pfb><C:\texmf\fonts\type1\bluesky\cm\cmex10.pfb><C:\texmf\fonts\type1\bluesky\cm\cmr8.pfb><C:\texmf\fonts\type1\blu
esky\cm\cmmi8.pfb><C:\texmf\fonts\type1\bluesky\cm\cmsy10.pfb><C:\texmf\fonts\type1\bluesky\cm\cmbx12.pfb><C:\texmf\font
s\type1\bluesky\cm\cmr12.pfb><C:\texmf\fonts\type1\bluesky\cm\cmmi12.pfb><C:\texmf\fonts\type1\bluesky\cm\cmr17.pfb>
Output written on Southhampton Talk.pdf (3 pages, 68521 bytes).
