This is pdfeTeX, Version 3.141592-1.30.6-2.2 (MiKTeX 2.5) (preloaded format=pdflatex 2006.12.15)  22 JUN 2007 14:09
entering extended mode
**C:/Documents*and*Settings/Elliot*Costi/My*Documents/Mathematics/Sp*AltRep*tal
k*slides.tex

("C:\Documents and Settings\Elliot Costi\My Documents\Mathematics\Sp AltRep tal
k slides.tex"
LaTeX2e <2005/12/01>
Babel <v3.8g> and hyphenation patterns for english, dumylang, nohyphenation, ge
rman, ngerman, french, loaded.
("C:\Program Files\MiKTeX 2.5\tex\latex\base\article.cls"
Document Class: article 2005/09/16 v1.4f Standard LaTeX document class
("C:\Program Files\MiKTeX 2.5\tex\latex\base\size12.clo"
File: size12.clo 2005/09/16 v1.4f Standard LaTeX file (size option)
)
\c@part=\count79
\c@section=\count80
\c@subsection=\count81
\c@subsubsection=\count82
\c@paragraph=\count83
\c@subparagraph=\count84
\c@figure=\count85
\c@table=\count86
\abovecaptionskip=\skip41
\belowcaptionskip=\skip42
\bibindent=\dimen102
)
("Sp AltRep talk slides.aux")
LaTeX Font Info:    Checking defaults for OML/cmm/m/it on input line 34.
LaTeX Font Info:    ... okay on input line 34.
LaTeX Font Info:    Checking defaults for T1/cmr/m/n on input line 34.
LaTeX Font Info:    ... okay on input line 34.
LaTeX Font Info:    Checking defaults for OT1/cmr/m/n on input line 34.
LaTeX Font Info:    ... okay on input line 34.
LaTeX Font Info:    Checking defaults for OMS/cmsy/m/n on input line 34.
LaTeX Font Info:    ... okay on input line 34.
LaTeX Font Info:    Checking defaults for OMX/cmex/m/n on input line 34.
LaTeX Font Info:    ... okay on input line 34.
LaTeX Font Info:    Checking defaults for U/cmr/m/n on input line 34.
LaTeX Font Info:    ... okay on input line 34.
LaTeX Font Info:    External font `cmex10' loaded for size
(Font)              <12> on input line 36.
LaTeX Font Info:    External font `cmex10' loaded for size
(Font)              <8> on input line 36.
LaTeX Font Info:    External font `cmex10' loaded for size
(Font)              <6> on input line 36.

Underfull \hbox (badness 10000) in paragraph at lines 36--55

 []


Underfull \hbox (badness 10000) in paragraph at lines 36--55

 []


Underfull \hbox (badness 10000) in paragraph at lines 56--75

 []


Underfull \hbox (badness 10000) in paragraph at lines 56--75

 []


Underfull \hbox (badness 10000) in paragraph at lines 76--95

 []


Underfull \hbox (badness 10000) in paragraph at lines 76--95

 []

[1

{psfonts.map}] [2] [3] [4] [5]
Underfull \hbox (badness 10000) in paragraph at lines 244--246

 []

[6]
Underfull \hbox (badness 10000) in paragraph at lines 258--260

 []

! Missing } inserted.
<inserted text> 
                }
l.277 \end
          {tabular}
I've put in what seems to be necessary to fix
the current column of the current alignment.
Try to go on, since this might almost work.


Underfull \hbox (badness 10000) in paragraph at lines 261--279

 []


Underfull \hbox (badness 10000) in paragraph at lines 280--298

 []

[7] [8] [9]
Underfull \hbox (badness 10000) in paragraph at lines 414--416

 []

[10] [11] ("Sp AltRep talk slides.aux") ) 
Here is how much of TeX's memory you used:
 251 strings out of 95419
 2738 string characters out of 1187297
 61873 words of memory out of 1049701
 3464 multiletter control sequences out of 60000
 6376 words of font info for 23 fonts, out of 1000000 for 2000
 14 hyphenation exceptions out of 8191
 22i,17n,19p,202b,123s stack positions out of 5000i,500n,10000p,200000b,32768s
PDF statistics:
 59 PDF objects out of 300000
 0 named destinations out of 300000
 1 words of extra memory for PDF output out of 10000
<C:/Program Files/MiKTeX 2.5/fonts/typ
e1/bluesky/cm/cmsy8.pfb><C:/Program Files/MiKTeX 2.5/fonts/type1/bluesky/cm/cmr
8.pfb><C:/Program Files/MiKTeX 2.5/fonts/type1/bluesky/cm/cmr6.pfb><C:/Program 
Files/MiKTeX 2.5/fonts/type1/bluesky/cm/cmsy6.pfb><C:/Program Files/MiKTeX 2.5/
fonts/type1/bluesky/cm/cmmi8.pfb><C:/Program Files/MiKTeX 2.5/fonts/type1/blues
ky/cm/cmex10.pfb><C:/Program Files/MiKTeX 2.5/fonts/type1/bluesky/cm/cmr12.pfb>
<C:/Program Files/MiKTeX 2.5/fonts/type1/bluesky/cm/cmmi12.pfb>
Output written on "Sp AltRep talk slides.pdf" (11 pages, 40813 bytes).
