This is pdfeTeX, Version 3.141592-1.30.6-2.2 (MiKTeX 2.5) (preloaded format=pdflatex 2006.12.15)  8 DEC 2007 19:23
entering extended mode
**C:/Documents*and*Settings/Elliot*Costi/My*Documents/Mathematics/v6-23.tex
("C:\Documents and Settings\Elliot Costi\My Documents\Mathematics\v6-23.tex"
LaTeX2e <2005/12/01>
Babel <v3.8g> and hyphenation patterns for english, dumylang, nohyphenation, ge
rman, ngerman, french, loaded.
("C:\Program Files\MiKTeX 2.5\tex\latex\base\article.cls"
Document Class: article 2005/09/16 v1.4f Standard LaTeX document class
("C:\Program Files\MiKTeX 2.5\tex\latex\base\size12.clo"
File: size12.clo 2005/09/16 v1.4f Standard LaTeX file (size option)
)
\c@part=\count79
\c@section=\count80
\c@subsection=\count81
\c@subsubsection=\count82
\c@paragraph=\count83
\c@subparagraph=\count84
\c@figure=\count85
\c@table=\count86
\abovecaptionskip=\skip41
\belowcaptionskip=\skip42
\bibindent=\dimen102
)
("C:\Program Files\MiKTeX 2.5\tex\latex\graphics\lscape.sty"
Package: lscape 2000/10/22 v3.01 Landscape Pages (DPC)

("C:\Program Files\MiKTeX 2.5\tex\latex\graphics\graphics.sty"
Package: graphics 2006/02/20 v1.0o Standard LaTeX Graphics (DPC,SPQR)

("C:\Program Files\MiKTeX 2.5\tex\latex\graphics\trig.sty"
Package: trig 1999/03/16 v1.09 sin cos tan (DPC)
)
("C:\Program Files\MiKTeX 2.5\tex\latex\00miktex\graphics.cfg"
File: graphics.cfg 2005/12/29 v1.2 MiKTeX 'graphics' configuration
)
Package graphics Info: Driver file: pdftex.def on input line 90.

("C:\Program Files\MiKTeX 2.5\tex\latex\graphics\pdftex.def"
File: pdftex.def 2006/08/14 v0.03t Graphics/color for pdfTeX
\Gread@gobject=\count87
)))
("C:\Program Files\MiKTeX 2.5\tex\latex\amsfonts\amssymb.sty"
Package: amssymb 2002/01/22 v2.2d

("C:\Program Files\MiKTeX 2.5\tex\latex\amsfonts\amsfonts.sty"
Package: amsfonts 2001/10/25 v2.2f
\@emptytoks=\toks14
\symAMSa=\mathgroup4
\symAMSb=\mathgroup5
LaTeX Font Info:    Overwriting math alphabet `\mathfrak' in version `bold'
(Font)                  U/euf/m/n --> U/euf/b/n on input line 132.
))
("C:\Program Files\MiKTeX 2.5\tex\latex\algorithm2e\algorithm2e.sty"
Package: algorithm2e 2005/10/04 v3.9 algorithms environments
\c@AlgoLine=\count88

("C:\Program Files\MiKTeX 2.5\tex\latex\base\ifthen.sty"
Package: ifthen 2001/05/26 v1.1c Standard LaTeX ifthen package (DPC)
)
("C:\Program Files\MiKTeX 2.5\tex\latex\tools\xspace.sty"
Package: xspace 2006/05/08 v1.12 Space after command names (DPC,MH)
)
********************************************************
Package `algorithm2e' Release 3.9 -- october 04 2005 --
- algorithm2e-announce@lirmm.fr mailing list for announcement about releases
- algorithm2e-discussion@lirmm.fr mailing list for discussion about package
subscribe by emailing sympa@lirmm.fr with 'subscribe <list> <firstname name>'
- Author: Christophe Fiorio (fiorio@lirmm.fr)
********************************************************
\skiptotal=\skip43
\skiprule=\skip44
\skiphlne=\skip45
\skiptext=\skip46
\skiplength=\skip47
\algomargin=\skip48
\skipalgocfslide=\skip49
\algowidth=\dimen103
\inoutsize=\dimen104
\inoutline=\dimen105
\algocf@inoutbox=\box26
\algocf@inputbox=\box27
\AlCapSkip=\skip50
\AlCapHSkip=\skip51
\algocf@capbox=\box28
\c@algocfline=\count89
\c@algocf=\count90
\algocf@algoframe=\box29
\algocf@algobox=\box30
) ("C:\Program Files\MiKTeX 2.5\tex\latex\base\latexsym.sty"
Package: latexsym 1998/08/17 v2.2e Standard LaTeX package (lasy symbols)
\symlasy=\mathgroup6
LaTeX Font Info:    Overwriting symbol font `lasy' in version `bold'
(Font)                  U/lasy/m/n --> U/lasy/b/n on input line 47.
)
\c@definition=\count91
 (v6-23.aux)
LaTeX Font Info:    Checking defaults for OML/cmm/m/it on input line 46.
LaTeX Font Info:    ... okay on input line 46.
LaTeX Font Info:    Checking defaults for T1/cmr/m/n on input line 46.
LaTeX Font Info:    ... okay on input line 46.
LaTeX Font Info:    Checking defaults for OT1/cmr/m/n on input line 46.
LaTeX Font Info:    ... okay on input line 46.
LaTeX Font Info:    Checking defaults for OMS/cmsy/m/n on input line 46.
LaTeX Font Info:    ... okay on input line 46.
LaTeX Font Info:    Checking defaults for OMX/cmex/m/n on input line 46.
LaTeX Font Info:    ... okay on input line 46.
LaTeX Font Info:    Checking defaults for U/cmr/m/n on input line 46.
LaTeX Font Info:    ... okay on input line 46.

("C:\Program Files\MiKTeX 2.5\tex\context\base\supp-pdf.tex"
("C:\Program Files\MiKTeX 2.5\tex\context\base\supp-mis.tex"
loading : Context Support Macros / Miscellaneous (2004.10.26)
\protectiondepth=\count92
\scratchcounter=\count93
\scratchtoks=\toks15
\scratchdimen=\dimen106
\scratchskip=\skip52
\scratchmuskip=\muskip10
\scratchbox=\box31
\scratchread=\read1
\scratchwrite=\write3
\zeropoint=\dimen107
\onepoint=\dimen108
\onebasepoint=\dimen109
\minusone=\count94
\thousandpoint=\dimen110
\onerealpoint=\dimen111
\emptytoks=\toks16
\nextbox=\box32
\nextdepth=\dimen112
\everyline=\toks17
\!!counta=\count95
\!!countb=\count96
\recursecounter=\count97
)
loading : Context Support Macros / PDF (2004.03.26)
\nofMPsegments=\count98
\nofMParguments=\count99
\MPscratchCnt=\count100
\MPscratchDim=\dimen113
\MPnumerator=\count101
\everyMPtoPDFconversion=\toks18
)
LaTeX Font Info:    Try loading font information for U+msa on input line 51.
 ("C:\Program Files\MiKTeX 2.5\tex\latex\amsfonts\umsa.fd"
File: umsa.fd 2002/01/19 v2.2g AMS font definitions
)
LaTeX Font Info:    Try loading font information for U+msb on input line 51.

("C:\Program Files\MiKTeX 2.5\tex\latex\amsfonts\umsb.fd"
File: umsb.fd 2002/01/19 v2.2g AMS font definitions
)
LaTeX Font Info:    Try loading font information for U+lasy on input line 51.

("C:\Program Files\MiKTeX 2.5\tex\latex\base\ulasy.fd"
File: ulasy.fd 1998/08/17 v2.2e LaTeX symbol font definitions
) [1

{psfonts.map}]
[2] [3] [4]
Underfull \hbox (badness 10000) in paragraph at lines 398--410

 []

[5] [6] [7]
Underfull \hbox (badness 10000) detected at line 676
[][]
 []


Underfull \hbox (badness 10000) in paragraph at lines 620--677

 []

[8


]
Overfull \hbox (22.86253pt too wide) in paragraph at lines 747--752
\OMS/cmsy/m/n/12 h\OML/cmm/m/it/12 e[]; f[]; e[]; f[]\OMS/cmsy/m/n/12 i$ \OT1/c
mr/m/n/12 and its $+1$-eigenspace is $\OMS/cmsy/m/n/12 h\OML/cmm/m/it/12 e[]; f
[]; [] ; e[]; f[]; e[]; f[]; [] ; e[]; f[]\OMS/cmsy/m/n/12 i$\OT1/cmr/m/n/12 .
 []


Underfull \hbox (badness 10000) detected at line 816
[][]
 []


Underfull \hbox (badness 10000) in paragraph at lines 759--817

 []

[9]
Runaway argument?
{ $(s, t, \delta , u, v, x, y)$, $B$ := {\tt OneOdd}(X,{\it type}); 
! Paragraph ended before \algocf@eIfoptif was complete.
<to be read again> 
                   \par 
l.848 }
       
I suspect you've forgotten a `}', causing me to apply this
control sequence to too much text. How can we recover?
My plan is to forget the whole thing and hope for the best.


Overfull \hbox (18.22224pt too wide) detected at line 849
[][]\OT1/cmr/bx/n/12 end
 []

! Extra }, or forgotten \endgroup.
\@algocf@finish ... {\skipalgocfslide }}{}\egroup 
                                                  \end {lrbox}\algocf@maketh...
l.849 \end{algorithm2e}
                       
I've deleted a group-closing symbol because it seems to be
spurious, as in `$x}$'. But perhaps the } is legitimate and
you forgot something else, as in `\hbox{$x}'. In such cases
the way to recover is to insert both the forgotten and the
deleted material, e.g., by typing `I$}'.

[10]
Underfull \hbox (badness 10000) detected at line 974
[][]
 []


Underfull \hbox (badness 10000) in paragraph at lines 916--975

 []

[11]
Underfull \hbox (badness 10000) detected at line 1032
[][]
 []


Underfull \hbox (badness 10000) in paragraph at lines 976--1033

 []

[12]
Runaway argument?
{ 
! Paragraph ended before \algocf@eIfoptif was complete.
<to be read again> 
                   \par 
l.1055 }
        
I suspect you've forgotten a `}', causing me to apply this
control sequence to too much text. How can we recover?
My plan is to forget the whole thing and hope for the best.


Overfull \hbox (18.22224pt too wide) detected at line 1056
[][]\OT1/cmr/bx/n/12 end
 []

! Extra }, or forgotten \endgroup.
\@algocf@finish ... {\skipalgocfslide }}{}\egroup 
                                                  \end {lrbox}\algocf@maketh...
l.1056 \end{algorithm2e}
                        
I've deleted a group-closing symbol because it seems to be
spurious, as in `$x}$'. But perhaps the } is legitimate and
you forgot something else, as in `\hbox{$x}'. In such cases
the way to recover is to insert both the forgotten and the
deleted material, e.g., by typing `I$}'.


Underfull \hbox (badness 10000) in paragraph at lines 1034--1057

 []

[13]
Underfull \hbox (badness 10000) in paragraph at lines 1116--1119

 []

[14]
Underfull \hbox (badness 10000) in paragraph at lines 1145--1153

 []


Underfull \hbox (badness 10000) in paragraph at lines 1177--1189

 []

[15]
Underfull \hbox (badness 10000) in paragraph at lines 1203--1217

 []

[16]
Underfull \hbox (badness 10000) in paragraph at lines 1251--1266

 []


Underfull \hbox (badness 10000) in paragraph at lines 1276--1280

 []


Underfull \hbox (badness 10000) in paragraph at lines 1284--1288

 []


Underfull \hbox (badness 10000) in paragraph at lines 1311--1331

 []

[17]
Underfull \hbox (badness 10000) in paragraph at lines 1349--1359

 []

[18]
Underfull \hbox (badness 10000) in paragraph at lines 1416--1445

 []

[19]
Underfull \hbox (badness 10000) in paragraph at lines 1465--1473

 []


Underfull \hbox (badness 10000) in paragraph at lines 1482--1497

 []


Underfull \hbox (badness 10000) in paragraph at lines 1505--1513

 []

[20]
Underfull \hbox (badness 10000) in paragraph at lines 1590--1601

 []

[21]
Underfull \hbox (badness 10000) in paragraph at lines 1658--1673

 []

[22] [23] [24] [25]
Underfull \hbox (badness 10000) in paragraph at lines 1875--1889

 []

[26] [27] [28] [29] [30]
Underfull \hbox (badness 10000) in paragraph at lines 2253--2255

 []


Underfull \hbox (badness 10000) in paragraph at lines 2274--2279

 []

[31] [32]
Underfull \hbox (badness 10000) in paragraph at lines 2431--2434

 []

LaTeX Font Info:    Try loading font information for OMS+cmr on input line 2440
.
("C:\Program Files\MiKTeX 2.5\tex\latex\base\omscmr.fd"
File: omscmr.fd 1999/05/25 v2.5h Standard LaTeX font definitions
)
LaTeX Font Info:    Font shape `OMS/cmr/m/n' in size <12> not available
(Font)              Font shape `OMS/cmsy/m/n' tried instead on input line 2440.

 [33] [34] [35]
[36] [37] (v6-23.aux) ) 
Here is how much of TeX's memory you used:
 2428 strings out of 95419
 28112 string characters out of 1187297
 108052 words of memory out of 1098440
 5516 multiletter control sequences out of 60000
 18799 words of font info for 76 fonts, out of 1000000 for 2000
 14 hyphenation exceptions out of 8191
 25i,23n,28p,314b,356s stack positions out of 5000i,500n,10000p,200000b,32768s
PDF statistics:
 193 PDF objects out of 300000
 0 named destinations out of 300000
 1 words of extra memory for PDF output out of 10000
<C:/Program Files/MiKTeX 2.5/fonts/type1/bluesky/cm/cmbx
8.pfb><C:/Program Files/MiKTeX 2.5/fonts/type1/bluesky/cm/cmtt12.pfb><C:/Progra
m Files/MiKTeX 2.5/fonts/type1/bluesky/cm/cmmi5.pfb><C:/Program Files/MiKTeX 2.
5/fonts/type1/bluesky/cm/cmr5.pfb><C:/Program Files/MiKTeX 2.5/fonts/type1/blue
sky/cm/cmsy5.pfb><C:/Program Files/MiKTeX 2.5/fonts/type1/bluesky/cm/cmsy6.pfb>
<C:/Program Files/MiKTeX 2.5/fonts/type1/bluesky/cm/cmex10.pfb><C:/Program File
s/MiKTeX 2.5/fonts/type1/bluesky/cm/cmr6.pfb><C:/Program Files/MiKTeX 2.5/fonts
/type1/bluesky/latex-fonts/lasy10.pfb><C:/Program Files/MiKTeX 2.5/fonts/type1/
bluesky/cm/cmmi6.pfb><C:/Program Files/MiKTeX 2.5/fonts/type1/bluesky/cm/cmex10
.pfb><C:/Program Files/MiKTeX 2.5/fonts/type1/bluesky/cm/cmsy8.pfb><C:/Program 
Files/MiKTeX 2.5/fonts/type1/bluesky/cm/cmcsc10.pfb><C:/Program Files/MiKTeX 2.
5/fonts/type1/bluesky/cm/cmmi8.pfb><C:/Program Files/MiKTeX 2.5/fonts/type1/blu
esky/cm/cmti10.pfb><C:/Program Files/MiKTeX 2.5/fonts/type1/bluesky/cm/cmr8.pfb
><C:/Program Files/MiKTeX 2.5/fonts/type1/bluesky/cm/cmti12.pfb><C:/Program Fil
es/MiKTeX 2.5/fonts/type1/bluesky/cm/cmmi12.pfb><C:/Program Files/MiKTeX 2.5/fo
nts/type1/bluesky/cm/cmbx12.pfb><C:/Program Files/MiKTeX 2.5/fonts/type1/bluesk
y/cm/cmsy10.pfb><C:/Program Files/MiKTeX 2.5/fonts/type1/bluesky/cm/cmmi10.pfb>
<C:/Program Files/MiKTeX 2.5/fonts/type1/bluesky/cm/cmr10.pfb><C:/Program Files
/MiKTeX 2.5/fonts/type1/bluesky/cm/cmbx10.pfb><C:/Program Files/MiKTeX 2.5/font
s/type1/bluesky/cm/cmr12.pfb><C:/Program Files/MiKTeX 2.5/fonts/type1/bluesky/c
m/cmr17.pfb>
Output written on v6-23.pdf (37 pages, 304151 bytes).
